\BOOKMARK [0][]{chapter*.3}{\315ndice de figuras}{}% 1
\BOOKMARK [0][]{chapter.1}{1 Preliminares}{}% 2
\BOOKMARK [1][]{section.1.1}{1.1 La ecuaci\363n diferencial hipergeom\351trica y sus soluciones }{chapter.1}% 3
\BOOKMARK [1][]{section.1.2}{1.2 Continuaci\363n anal\355tica}{chapter.1}% 4
\BOOKMARK [1][]{section.1.3}{1.3 Grupos Klenianos y grupos de Schotkky}{chapter.1}% 5
\BOOKMARK [1][]{section.1.4}{1.4 Monodrom\355a de la ecuaci\363n hipergeom\351trica}{chapter.1}% 6
\BOOKMARK [1][]{section.1.5}{1.5 Ecuaciones lineales }{chapter.1}% 7
\BOOKMARK [1][]{section.1.6}{1.6 Comportamiento alrededor de puntos singulares regulares}{chapter.1}% 8
\BOOKMARK [1][]{section.1.7}{1.7 \040Ecuaciones Fuchsianas }{chapter.1}% 9
\BOOKMARK [1][]{section.1.8}{1.8 Esquema de Riemann de la ecuaci\363n hipergeom\351trica}{chapter.1}% 10
\BOOKMARK [1][]{section.1.9}{1.9 Monodrom\355a}{chapter.1}% 11
\BOOKMARK [1][]{section.1.10}{1.10 Monodrom\355a de la ecuaci\363n hipergeom\351trica}{chapter.1}% 12
\BOOKMARK [1][]{section.1.11}{1.11 Grupo de monodrom\355a con las soluciones dadas por la serie hipergeom\351trica}{chapter.1}% 13
\BOOKMARK [0][]{chapter.2}{2 Grupo de Schottky de la ecuaci\363n hipergeom\351trica}{}% 14
\BOOKMARK [1][]{section.2.1}{2.1 Dominios fundamentales}{chapter.2}% 15
\BOOKMARK [1][]{section.2.2}{2.2 El grupo de monodrom\355a generado por reflexiones}{chapter.2}% 16
\BOOKMARK [1][]{section.2.3}{2.3 \040El grupo de Schottky asociado al grupo de Monodrom\355a}{chapter.2}% 17
\BOOKMARK [0][]{chapter.3}{3 El teorema de Nielsen}{}% 18
\BOOKMARK [1][]{section.3.1}{3.1 El lema de los elementos hiperb\363licos con ejes divergentes}{chapter.3}% 19
\BOOKMARK [1][]{section.3.2}{3.2 El lema del conmutador de los elemetos hiperb\363licos}{chapter.3}% 20
\BOOKMARK [1][]{section.3.3}{3.3 El lema del conmutador de los elementos parab\363licos}{chapter.3}% 21
\BOOKMARK [1][]{section.3.4}{3.4 El lema del conmutador de los elementos hiperb\363licos con ejes paralelos}{chapter.3}% 22
\BOOKMARK [1][]{section.3.5}{3.5 El lema del elemento el\355ptico}{chapter.3}% 23
\BOOKMARK [1][]{section.3.6}{3.6 El teorema de Nielsen}{chapter.3}% 24
\BOOKMARK [1][]{section.3.7}{3.7 Un ejemplo de un grupo discreto}{chapter.3}% 25
\BOOKMARK [0][]{appendix.A}{A Ap\351ndice}{}% 26
\BOOKMARK [1][]{section.A.1}{A.1 Igualdades trigonom\351tricas}{appendix.A}% 27
\BOOKMARK [1][]{section.A.2}{A.2 Teorema de Cauchy}{appendix.A}% 28
\BOOKMARK [1][]{section.A.3}{A.3 Mapeo y principio de reflexi\363n de Schwarz}{appendix.A}% 29
\BOOKMARK [0][]{appendix*.28}{Bibliograf\355a}{}% 30
