This is pdfTeX, Version 3.1415926-1.40.11 (MiKTeX 2.9) (preloaded format=pdftex 2014.5.30)  8 JUN 2015 21:02
entering extended mode
**C:/Users/san/Documents/Tesis/9_backmatter/references.bib
(C:/Users/san/Documents/Tesis/9_backmatter/references.bib
! Missing $ inserted.
<inserted text> 
                $
<to be read again> 
                   _
l.14 @comment{jabref-meta: selector_
                                    publisher:}
? 
! Extra }, or forgotten $.
l.14 @comment{jabref-meta: selector_publisher:}
                                               
? 
! Missing $ inserted.
<inserted text> 
                $
<to be read again> 
                   \par 
l.15 
     
? 
! Missing $ inserted.
<inserted text> 
                $
<to be read again> 
                   _
l.16 @comment{jabref-meta: selector_
                                    author:}
? 
! Extra }, or forgotten $.
l.16 @comment{jabref-meta: selector_author:}
                                            
? 
! Missing $ inserted.
<inserted text> 
                $
<to be read again> 
                   \par 
l.17 
     
? 
! Missing $ inserted.
<inserted text> 
                $
<to be read again> 
                   _
l.18 @comment{jabref-meta: selector_
                                    journal:}
? 
! Extra }, or forgotten $.
l.18 @comment{jabref-meta: selector_journal:}
                                             
? 
! Missing $ inserted.
<inserted text> 
                $
<to be read again> 
                   \par 
l.19 
     
? 
! Missing $ inserted.
<inserted text> 
                $
<to be read again> 
                   _
l.20 @comment{jabref-meta: selector_
                                    keywords:}
? 
! Extra }, or forgotten $.
l.20 @comment{jabref-meta: selector_keywords:}
                                              
? 
! Missing $ inserted.
<inserted text> 
                $
<to be read again> 
                   \par 
l.21 
     
? 
! Missing $ inserted.
<inserted text> 
                $
<to be read again> 
                   _
l.34 @comment{jabref-meta: selector_
                                    publisher:}
? 
! Extra }, or forgotten $.
l.34 @comment{jabref-meta: selector_publisher:}
                                               
? 
! Missing $ inserted.
<inserted text> 
                $
<to be read again> 
                   \par 
l.35 
     
? 
! Missing $ inserted.
<inserted text> 
                $
<to be read again> 
                   _
l.36 @comment{jabref-meta: selector_
                                    author:}
? 
! Extra }, or forgotten $.
l.36 @comment{jabref-meta: selector_author:}
                                            
? 
! Missing $ inserted.
<inserted text> 
                $
<to be read again> 
                   \par 
l.37 
     
? 
! Missing $ inserted.
<inserted text> 
                $
<to be read again> 
                   _
l.38 @comment{jabref-meta: selector_
                                    journal:}
? 
! Extra }, or forgotten $.
l.38 @comment{jabref-meta: selector_journal:}
                                             
? 
! Missing $ inserted.
<inserted text> 
                $
<to be read again> 
                   \par 
l.39 
     
? 
! Missing $ inserted.
<inserted text> 
                $
<to be read again> 
                   _
l.40 @comment{jabref-meta: selector_
                                    keywords:}
? 
! Extra }, or forgotten $.
l.40 @comment{jabref-meta: selector_keywords:}
                                              
? 
! Missing $ inserted.
<inserted text> 
                $
<to be read again> 
                   \par 
l.41 
     
? 
! Missing $ inserted.
<inserted text> 
                $
<to be read again> 
                   _
l.54 @comment{jabref-meta: selector_
                                    publisher:}
? 
! Extra }, or forgotten $.
l.54 @comment{jabref-meta: selector_publisher:}
                                               
? 
! Missing $ inserted.
<inserted text> 
                $
<to be read again> 
                   \par 
l.55 
     
? 
! Missing $ inserted.
<inserted text> 
                $
<to be read again> 
                   _
l.56 @comment{jabref-meta: selector_
                                    author:}
? 
! Extra }, or forgotten $.
l.56 @comment{jabref-meta: selector_author:}
                                            
? 
! Missing $ inserted.
<inserted text> 
                $
<to be read again> 
                   \par 
l.57 
     
? 
! Missing $ inserted.
<inserted text> 
                $
<to be read again> 
                   _
l.58 @comment{jabref-meta: selector_
                                    journal:}
? 
! Extra }, or forgotten $.
l.58 @comment{jabref-meta: selector_journal:}
                                             
? 
! Missing $ inserted.
<inserted text> 
                $
<to be read again> 
                   \par 
l.59 
     
? 
! Missing $ inserted.
<inserted text> 
                $
<to be read again> 
                   _
l.60 @comment{jabref-meta: selector_
                                    keywords:}
? 
! Extra }, or forgotten $.
l.60 @comment{jabref-meta: selector_keywords:}
                                              
? 
! Missing $ inserted.
<inserted text> 
                $
<to be read again> 
                   \par 
l.61 
     
? 
! Missing $ inserted.
<inserted text> 
                $
<to be read again> 
                   _
l.74 @comment{jabref-meta: selector_
                                    publisher:}
? 
! Extra }, or forgotten $.
l.74 @comment{jabref-meta: selector_publisher:}
                                               
? 
! Missing $ inserted.
<inserted text> 
                $
<to be read again> 
                   \par 
l.75 
     
? 
! Missing $ inserted.
<inserted text> 
                $
<to be read again> 
                   _
l.76 @comment{jabref-meta: selector_
                                    author:}
? 
! Extra }, or forgotten $.
l.76 @comment{jabref-meta: selector_author:}
                                            
? 
! Missing $ inserted.
<inserted text> 
                $
<to be read again> 
                   \par 
l.77 
     
? 
! Missing $ inserted.
<inserted text> 
                $
<to be read again> 
                   _
l.78 @comment{jabref-meta: selector_
                                    journal:}
? 
! Extra }, or forgotten $.
l.78 @comment{jabref-meta: selector_journal:}
                                             
? 
! Missing $ inserted.
<inserted text> 
                $
<to be read again> 
                   \par 
l.79 
     
? 
! Missing $ inserted.
<inserted text> 
                $
<to be read again> 
                   _
l.80 @comment{jabref-meta: selector_
                                    keywords:}
? 
! Extra }, or forgotten $.
l.80 @comment{jabref-meta: selector_keywords:}
                                              
? 
! Missing $ inserted.
<inserted text> 
                $
<to be read again> 
                   \par 
l.81 
     
? 
! Missing $ inserted.
<inserted text> 
                $
<to be read again> 
                   _
l.94 @comment{jabref-meta: selector_
                                    publisher:}
? 
! Extra }, or forgotten $.
l.94 @comment{jabref-meta: selector_publisher:}
                                               
? 
! Missing $ inserted.
<inserted text> 
                $
<to be read again> 
                   \par 
l.95 
     
? 
! Missing $ inserted.
<inserted text> 
                $
<to be read again> 
                   _
l.96 @comment{jabref-meta: selector_
                                    author:}
? 
! Extra }, or forgotten $.
l.96 @comment{jabref-meta: selector_author:}
                                            
? 
! Missing $ inserted.
<inserted text> 
                $
<to be read again> 
                   \par 
l.97 
     
? 
! Missing $ inserted.
<inserted text> 
                $
<to be read again> 
                   _
l.98 @comment{jabref-meta: selector_
                                    journal:}
? 
! Extra }, or forgotten $.
l.98 @comment{jabref-meta: selector_journal:}
                                             
? 
! Missing $ inserted.
<inserted text> 
                $
<to be read again> 
                   \par 
l.99 
     
? 
! Missing $ inserted.
<inserted text> 
                $
<to be read again> 
                   _
l.100 @comment{jabref-meta: selector_
                                     keywords:}
? 
! Extra }, or forgotten $.
l.100 @comment{jabref-meta: selector_keywords:}
                                               
? 
! Missing $ inserted.
<inserted text> 
                $
<to be read again> 
                   \par 
l.101 
      
? 
! Missing $ inserted.
<inserted text> 
                $
<to be read again> 
                   _
l.114 @comment{jabref-meta: selector_
                                     publisher:}
? 
! Extra }, or forgotten $.
l.114 @comment{jabref-meta: selector_publisher:}
                                                
? 
! Missing $ inserted.
<inserted text> 
                $
<to be read again> 
                   \par 
l.115 
      
? 
! Missing $ inserted.
<inserted text> 
                $
<to be read again> 
                   _
l.116 @comment{jabref-meta: selector_
                                     author:}
? 
! Extra }, or forgotten $.
l.116 @comment{jabref-meta: selector_author:}
                                             
? 
! Missing $ inserted.
<inserted text> 
                $
<to be read again> 
                   \par 
l.117 
      
? 
! Missing $ inserted.
<inserted text> 
                $
<to be read again> 
                   _
l.118 @comment{jabref-meta: selector_
                                     journal:}
? 
! Extra }, or forgotten $.
l.118 @comment{jabref-meta: selector_journal:}
                                              
? 
! Missing $ inserted.
<inserted text> 
                $
<to be read again> 
                   \par 
l.119 
      
? 
! Missing $ inserted.
<inserted text> 
                $
<to be read again> 
                   _
l.120 @comment{jabref-meta: selector_
                                     keywords:}
? 
! Extra }, or forgotten $.
l.120 @comment{jabref-meta: selector_keywords:}
                                               
? 
! Missing $ inserted.
<inserted text> 
                $
<to be read again> 
                   \par 
l.121 
      
? 
! Missing $ inserted.
<inserted text> 
                $
<to be read again> 
                   _
l.134 @comment{jabref-meta: selector_
                                     publisher:}
? 
! Extra }, or forgotten $.
l.134 @comment{jabref-meta: selector_publisher:}
                                                
? 
! Missing $ inserted.
<inserted text> 
                $
<to be read again> 
                   \par 
l.135 
      
? 
! Missing $ inserted.
<inserted text> 
                $
<to be read again> 
                   _
l.136 @comment{jabref-meta: selector_
                                     author:}
? 
! Extra }, or forgotten $.
l.136 @comment{jabref-meta: selector_author:}
                                             
? 
! Missing $ inserted.
<inserted text> 
                $
<to be read again> 
                   \par 
l.137 
      
? 
! Missing $ inserted.
<inserted text> 
                $
<to be read again> 
                   _
l.138 @comment{jabref-meta: selector_
                                     journal:}
? 
! Extra }, or forgotten $.
l.138 @comment{jabref-meta: selector_journal:}
                                              
? 
! Missing $ inserted.
<inserted text> 
                $
<to be read again> 
                   \par 
l.139 
      
? 
! Missing $ inserted.
<inserted text> 
                $
<to be read again> 
                   _
l.140 @comment{jabref-meta: selector_
                                     keywords:}
? 
! Extra }, or forgotten $.
l.140 @comment{jabref-meta: selector_keywords:}
                                               
? 
! Missing $ inserted.
<inserted text> 
                $
<to be read again> 
                   \par 
l.141 
      
? 
! Missing $ inserted.
<inserted text> 
                $
<to be read again> 
                   _
l.154 @comment{jabref-meta: selector_
                                     publisher:}
? 
! Extra }, or forgotten $.
l.154 @comment{jabref-meta: selector_publisher:}
                                                
? 
! Missing $ inserted.
<inserted text> 
                $
<to be read again> 
                   \par 
l.155 
      
? 
! Missing $ inserted.
<inserted text> 
                $
<to be read again> 
                   _
l.156 @comment{jabref-meta: selector_
                                     author:}
? 
! Extra }, or forgotten $.
l.156 @comment{jabref-meta: selector_author:}
                                             
? 
! Missing $ inserted.
<inserted text> 
                $
<to be read again> 
                   \par 
l.157 
      
? 
! Missing $ inserted.
<inserted text> 
                $
<to be read again> 
                   _
l.158 @comment{jabref-meta: selector_
                                     journal:}
? 
! Extra }, or forgotten $.
l.158 @comment{jabref-meta: selector_journal:}
                                              
? 
! Missing $ inserted.
<inserted text> 
                $
<to be read again> 
                   \par 
l.159 
      
? 
! Missing $ inserted.
<inserted text> 
                $
<to be read again> 
                   _
l.160 @comment{jabref-meta: selector_
                                     keywords:}
? 
! Extra }, or forgotten $.
l.160 @comment{jabref-meta: selector_keywords:}
                                               
? 
)
*
! Missing $ inserted.
<inserted text> 
                $
<to be read again> 
                   \par 
<*> 
    
? 
(Please type a command or say `\end')
*
(Please type a command or say `\end')
*
(Please type a command or say `\end')
*
(Please type a command or say `\end')
*
(Please type a command or say `\end')
*
(Please type a command or say `\end')
*\end
[1{C:/ProgramData/MiKTeX/2.9/pdftex/config/pdftex.map}]
(\end occurred inside a group at level 32)

### simple group (level 32) entered at line 160 ({)
### simple group (level 31) entered at line 158 ({)
### simple group (level 30) entered at line 156 ({)
### simple group (level 29) entered at line 154 ({)
### simple group (level 28) entered at line 140 ({)
### simple group (level 27) entered at line 138 ({)
### simple group (level 26) entered at line 136 ({)
### simple group (level 25) entered at line 134 ({)
### simple group (level 24) entered at line 120 ({)
### simple group (level 23) entered at line 118 ({)
### simple group (level 22) entered at line 116 ({)
### simple group (level 21) entered at line 114 ({)
### simple group (level 20) entered at line 100 ({)
### simple group (level 19) entered at line 98 ({)
### simple group (level 18) entered at line 96 ({)
### simple group (level 17) entered at line 94 ({)
### simple group (level 16) entered at line 80 ({)
### simple group (level 15) entered at line 78 ({)
### simple group (level 14) entered at line 76 ({)
### simple group (level 13) entered at line 74 ({)
### simple group (level 12) entered at line 60 ({)
### simple group (level 11) entered at line 58 ({)
### simple group (level 10) entered at line 56 ({)
### simple group (level 9) entered at line 54 ({)
### simple group (level 8) entered at line 40 ({)
### simple group (level 7) entered at line 38 ({)
### simple group (level 6) entered at line 36 ({)
### simple group (level 5) entered at line 34 ({)
### simple group (level 4) entered at line 20 ({)
### simple group (level 3) entered at line 18 ({)
### simple group (level 2) entered at line 16 ({)
### simple group (level 1) entered at line 14 ({)
### bottom level<C:/Program Files (x86)/MiKTeX 2.9/fonts/type1/public/amsfonts/
cm/cmmi10.pfb><C:/Program Files (x86)/MiKTeX 2.9/fonts/type1/public/amsfonts/cm
/cmmi7.pfb><C:/Program Files (x86)/MiKTeX 2.9/fonts/type1/public/amsfonts/cm/cm
r10.pfb>
Output written on references.pdf (1 page, 41469 bytes).
PDF statistics:
 18 PDF objects out of 1000 (max. 8388607)
 0 named destinations out of 1000 (max. 500000)
 1 words of extra memory for PDF output out of 10000 (max. 10000000)

