\BOOKMARK [0][]{chapter*.3}{Irudien Zerrenda}{}% 1
\BOOKMARK [0][]{chapter*.4}{Taulen Zerrenda}{}% 2
\BOOKMARK [0][]{chapter.1}{1 Preliminares}{}% 3
\BOOKMARK [1][]{section.1.1}{1.1 La ecuaci\363n diferencial hipergeom\351trica y sus soluciones }{chapter.1}% 4
\BOOKMARK [1][]{section.1.2}{1.2 Continuaci\363n anal\355tica}{chapter.1}% 5
\BOOKMARK [1][]{section.1.3}{1.3 Grupos Klenianos y grupos de Schotkky}{chapter.1}% 6
\BOOKMARK [1][]{section.1.4}{1.4 Ejemplos de grupos no discretos que surgen}{chapter.1}% 7
\BOOKMARK [0][]{chapter.2}{2 Monodrom\355a de la ecuaci\363n hipergeom\351trica}{}% 8
\BOOKMARK [1][]{section.2.1}{2.1 Ecuaciones lineales }{chapter.2}% 9
\BOOKMARK [1][]{section.2.2}{2.2 Comportamiento alrededor de puntos singulares regulares}{chapter.2}% 10
\BOOKMARK [1][]{section.2.3}{2.3 \040Ecuaciones Fuchsianas }{chapter.2}% 11
\BOOKMARK [1][]{section.2.4}{2.4 Esquema de Riemann de la ecuaci\363n hipergeom\351trica}{chapter.2}% 12
\BOOKMARK [1][]{section.2.5}{2.5 Monodrom\355a}{chapter.2}% 13
\BOOKMARK [1][]{section.2.6}{2.6 Monodrom\355a de la ecuaci\363n hipergeom\351trica}{chapter.2}% 14
\BOOKMARK [1][]{section.2.7}{2.7 Grupo de monodrom\355a con las soluciones dadas por la serie hipergeom\351trica}{chapter.2}% 15
\BOOKMARK [0][]{chapter.3}{3 Grupo de Schottky de la ecuaci\363n hipergeom\351trica}{}% 16
\BOOKMARK [1][]{section.3.1}{3.1 Dominios fundamentales}{chapter.3}% 17
\BOOKMARK [1][]{section.3.2}{3.2 El grupo de monodrom\355a generado por reflexiones}{chapter.3}% 18
\BOOKMARK [1][]{section.3.3}{3.3 \040El grupo de Schottky asociado al grupo de Monodrom\355a}{chapter.3}% 19
\BOOKMARK [0][]{chapter.4}{4 El teorema de Nielsen}{}% 20
\BOOKMARK [1][]{section.4.1}{4.1 El lema de los elementos hiperb\363licos con ejes divergentes}{chapter.4}% 21
\BOOKMARK [1][]{section.4.2}{4.2 El lema del conmutador de los elemetos hiperb\363licos}{chapter.4}% 22
\BOOKMARK [1][]{section.4.3}{4.3 El lema del conmutador de los elementos parab\363licos}{chapter.4}% 23
\BOOKMARK [1][]{section.4.4}{4.4 El lema del conmutador de los elementos hiperb\363licos con ejes paralelos}{chapter.4}% 24
\BOOKMARK [1][]{section.4.5}{4.5 El lema del elemento el\355ptico}{chapter.4}% 25
\BOOKMARK [1][]{section.4.6}{4.6 El teorema de Nielsen}{chapter.4}% 26
\BOOKMARK [1][]{section.4.7}{4.7 Un ejemplo de un grupo discreto}{chapter.4}% 27
\BOOKMARK [0][]{appendix.A}{A Ap\351ndice}{}% 28
\BOOKMARK [1][]{section.A.1}{A.1 Igualdades trigonom\351tricas}{appendix.A}% 29
\BOOKMARK [1][]{section.A.2}{A.2 Teorema de Cauchy}{appendix.A}% 30
\BOOKMARK [1][]{section.A.3}{A.3 Mapeo y principio de reflexi\363n de Schwarz}{appendix.A}% 31
