This is pdfTeX, Version 3.14159265-2.6-1.40.16 (MiKTeX 2.9 64-bit) (preloaded format=pdflatex 2015.9.17)  6 FEB 2016 16:10
entering extended mode
**C:/Users/San/Desktop/Tesis/tesisnew.tex
(C:/Users/San/Desktop/Tesis/tesisnew.tex
LaTeX2e <2015/01/01> patch level 2
Babel <3.9m> and hyphenation patterns for 69 languages loaded.
(Latex/Classes/PhDthesisPSnPDF.cls
Document Class: Latex/Classes/PhDthesisPSnPDF 2010/11/26 v3 PhD thesis class
("C:\Program Files\MiKTeX 2.9\RealMiKTex\tex\latex\base\book.cls"
Document Class: book 2014/09/29 v1.4h Standard LaTeX document class
("C:\Program Files\MiKTeX 2.9\RealMiKTex\tex\latex\base\bk11.clo"
File: bk11.clo 2014/09/29 v1.4h Standard LaTeX file (size option)
)
\c@part=\count79
\c@chapter=\count80
\c@section=\count81
\c@subsection=\count82
\c@subsubsection=\count83
\c@paragraph=\count84
\c@subparagraph=\count85
\c@figure=\count86
\c@table=\count87
\abovecaptionskip=\skip41
\belowcaptionskip=\skip42
\bibindent=\dimen102
)
("C:\Program Files\MiKTeX 2.9\RealMiKTex\tex\latex\amsfonts\amssymb.sty"
Package: amssymb 2013/01/14 v3.01 AMS font symbols

("C:\Program Files\MiKTeX 2.9\RealMiKTex\tex\latex\amsfonts\amsfonts.sty"
Package: amsfonts 2013/01/14 v3.01 Basic AMSFonts support
\@emptytoks=\toks14
\symAMSa=\mathgroup4
\symAMSb=\mathgroup5
LaTeX Font Info:    Overwriting math alphabet `\mathfrak' in version `bold'
(Font)                  U/euf/m/n --> U/euf/b/n on input line 106.
))
("C:\Program Files\MiKTeX 2.9\RealMiKTex\tex\latex\graphics\graphics.sty"
Package: graphics 2014/10/28 v1.0p Standard LaTeX Graphics (DPC,SPQR)

("C:\Program Files\MiKTeX 2.9\RealMiKTex\tex\latex\graphics\trig.sty"
Package: trig 1999/03/16 v1.09 sin cos tan (DPC)
)
("C:\Program Files\MiKTeX 2.9\RealMiKTex\tex\latex\00miktex\graphics.cfg"
File: graphics.cfg 2007/01/18 v1.5 graphics configuration of teTeX/TeXLive
)
Package graphics Info: Driver file: pdftex.def on input line 94.

("C:\Program Files\MiKTeX 2.9\RealMiKTex\tex\latex\pdftex-def\pdftex.def"
File: pdftex.def 2011/05/27 v0.06d Graphics/color for pdfTeX

("C:\Program Files\MiKTeX 2.9\RealMiKTex\tex\generic\oberdiek\infwarerr.sty"
Package: infwarerr 2010/04/08 v1.3 Providing info/warning/error messages (HO)
)
("C:\Program Files\MiKTeX 2.9\RealMiKTex\tex\generic\oberdiek\ltxcmds.sty"
Package: ltxcmds 2011/11/09 v1.22 LaTeX kernel commands for general use (HO)
)
\Gread@gobject=\count88
))
("C:\Program Files\MiKTeX 2.9\RealMiKTex\tex\latex\caption\caption.sty"
Package: caption 2013/05/02 v3.3-89 Customizing captions (AR)

("C:\Program Files\MiKTeX 2.9\RealMiKTex\tex\latex\caption\caption3.sty"
Package: caption3 2013/05/02 v1.6-88 caption3 kernel (AR)
Package caption3 Info: TeX engine: e-TeX on input line 57.

("C:\Program Files\MiKTeX 2.9\RealMiKTex\tex\latex\graphics\keyval.sty"
Package: keyval 2014/10/28 v1.15 key=value parser (DPC)
\KV@toks@=\toks15
)
\captionmargin=\dimen103
\captionmargin@=\dimen104
\captionwidth=\dimen105
\caption@tempdima=\dimen106
\caption@indent=\dimen107
\caption@parindent=\dimen108
\caption@hangindent=\dimen109
)
\c@ContinuedFloat=\count89
)
("C:\Program Files\MiKTeX 2.9\RealMiKTex\tex\latex\fancyhdr\fancyhdr.sty"
\fancy@headwidth=\skip43
\f@ncyO@elh=\skip44
\f@ncyO@erh=\skip45
\f@ncyO@olh=\skip46
\f@ncyO@orh=\skip47
\f@ncyO@elf=\skip48
\f@ncyO@erf=\skip49
\f@ncyO@olf=\skip50
\f@ncyO@orf=\skip51
)
("C:\Program Files\MiKTeX 2.9\RealMiKTex\tex\latex\amsfonts\eucal.sty"
Package: eucal 2009/06/22 v3.00 Euler Script fonts
LaTeX Font Info:    Overwriting math alphabet `\EuScript' in version `bold'
(Font)                  U/eus/m/n --> U/eus/b/n on input line 33.
)
("C:\Program Files\MiKTeX 2.9\RealMiKTex\tex\latex\graphics\color.sty"
Package: color 2014/10/28 v1.1a Standard LaTeX Color (DPC)

("C:\Program Files\MiKTeX 2.9\RealMiKTex\tex\latex\00miktex\color.cfg"
File: color.cfg 2007/01/18 v1.5 color configuration of teTeX/TeXLive
)
Package color Info: Driver file: pdftex.def on input line 142.

("C:\Program Files\MiKTeX 2.9\RealMiKTex\tex\latex\graphics\dvipsnam.def"
File: dvipsnam.def 2014/10/14 v3.0j Driver-dependent file (DPC,SPQR)
))
("C:\Program Files\MiKTeX 2.9\RealMiKTex\tex\latex\footmisc\footmisc.sty"
Package: footmisc 2011/06/06 v5.5b a miscellany of footnote facilities
\FN@temptoken=\toks16
\footnotemargin=\dimen110
\c@pp@next@reset=\count90
\c@@fnserial=\count91
Package footmisc Info: Declaring symbol style bringhurst on input line 855.
Package footmisc Info: Declaring symbol style chicago on input line 863.
Package footmisc Info: Declaring symbol style wiley on input line 872.
Package footmisc Info: Declaring symbol style lamport-robust on input line 883.

Package footmisc Info: Declaring symbol style lamport* on input line 903.
Package footmisc Info: Declaring symbol style lamport*-robust on input line 924
.
)
("C:\Program Files\MiKTeX 2.9\RealMiKTex\tex\latex\natbib\natbib.sty"
Package: natbib 2010/09/13 8.31b (PWD, AO)
\bibhang=\skip52
\bibsep=\skip53
LaTeX Info: Redefining \cite on input line 694.
\c@NAT@ctr=\count92
)
("C:\Program Files\MiKTeX 2.9\RealMiKTex\tex\latex\base\ifthen.sty"
Package: ifthen 2014/09/29 v1.1c Standard LaTeX ifthen package (DPC)
)
("C:\Program Files\MiKTeX 2.9\RealMiKTex\tex\latex\tools\multicol.sty"
Package: multicol 2015/03/31 v1.8m multicolumn formatting (FMi)
\c@tracingmulticols=\count93
\mult@box=\box26
\multicol@leftmargin=\dimen111
\c@unbalance=\count94
\c@collectmore=\count95
\doublecol@number=\count96
\multicoltolerance=\count97
\multicolpretolerance=\count98
\full@width=\dimen112
\page@free=\dimen113
\premulticols=\dimen114
\postmulticols=\dimen115
\multicolsep=\skip54
\multicolbaselineskip=\skip55
\partial@page=\box27
\last@line=\box28
\maxbalancingoverflow=\dimen116
\mult@rightbox=\box29
\mult@grightbox=\box30
\mult@gfirstbox=\box31
\mult@firstbox=\box32
\@tempa=\box33
\@tempa=\box34
\@tempa=\box35
\@tempa=\box36
\@tempa=\box37
\@tempa=\box38
\@tempa=\box39
\@tempa=\box40
\@tempa=\box41
\@tempa=\box42
\@tempa=\box43
\@tempa=\box44
\@tempa=\box45
\@tempa=\box46
\@tempa=\box47
\@tempa=\box48
\@tempa=\box49
\c@columnbadness=\count99
\c@finalcolumnbadness=\count100
\last@try=\dimen117
\multicolovershoot=\dimen118
\multicolundershoot=\dimen119
\mult@nat@firstbox=\box50
\colbreak@box=\box51
\mc@col@check@num=\count101
)
("C:\Program Files\MiKTeX 2.9\RealMiKTex\tex\latex\tocbibind\tocbibind.sty"
Package: tocbibind 2010/10/13 v1.5k extra ToC listings
Package tocbibind Info: The document has chapter divisions on input line 50.


Package tocbibind Note: Using chapter style headings, unless overridden.

) ("C:\Program Files\MiKTeX 2.9\RealMiKTex\tex\latex\xifthen\xifthen.sty"
Package: xifthen 2009/04/17 v1.3 Extended ifthen features

("C:\Program Files\MiKTeX 2.9\RealMiKTex\tex\latex\misc\etex.sty"
Package: etex 2015/07/08 v2.3 eTeX basic definition package (PEB,DPC)
\et@xins=\count102
)
("C:\Program Files\MiKTeX 2.9\RealMiKTex\tex\latex\tools\calc.sty"
Package: calc 2014/10/28 v4.3 Infix arithmetic (KKT,FJ)
\calc@Acount=\count103
\calc@Bcount=\count104
\calc@Adimen=\dimen120
\calc@Bdimen=\dimen121
\calc@Askip=\skip56
\calc@Bskip=\skip57
LaTeX Info: Redefining \setlength on input line 80.
LaTeX Info: Redefining \addtolength on input line 81.
\calc@Ccount=\count105
\calc@Cskip=\skip58
)
("C:\Program Files\MiKTeX 2.9\RealMiKTex\tex\latex\ifmtarg\ifmtarg.sty"
Package: ifmtarg 2009/09/02 v1.2a check for an empty argument
))
("C:\Program Files\MiKTeX 2.9\RealMiKTex\tex\latex\base\makeidx.sty"
Package: makeidx 2014/09/29 v1.0m Standard LaTeX package
)
("C:\Program Files\MiKTeX 2.9\RealMiKTex\tex\latex\base\inputenc.sty"
Package: inputenc 2015/03/17 v1.2c Input encoding file
\inpenc@prehook=\toks17
\inpenc@posthook=\toks18

("C:\Program Files\MiKTeX 2.9\RealMiKTex\tex\latex\ucs\utf8x.def"
File: utf8x.def 2004/10/17 UCS: Input encoding UTF-8
))
("C:\Program Files\MiKTeX 2.9\RealMiKTex\tex\latex\ucs\ucs.sty"
Package: ucs 2013/05/11 v2.2 UCS: Unicode input support

("C:\Program Files\MiKTeX 2.9\RealMiKTex\tex\latex\ucs\uni-global.def"
File: uni-global.def 2013/05/13 UCS: Unicode global data
)
\uc@secondtry=\count106
\uc@combtoks=\toks19
\uc@combtoksb=\toks20
\uc@temptokena=\toks21
)
("C:\Program Files\MiKTeX 2.9\RealMiKTex\tex\latex\amsmath\amsmath.sty"
Package: amsmath 2013/01/14 v2.14 AMS math features
\@mathmargin=\skip59

For additional information on amsmath, use the `?' option.
("C:\Program Files\MiKTeX 2.9\RealMiKTex\tex\latex\amsmath\amstext.sty"
Package: amstext 2000/06/29 v2.01

("C:\Program Files\MiKTeX 2.9\RealMiKTex\tex\latex\amsmath\amsgen.sty"
File: amsgen.sty 1999/11/30 v2.0
\@emptytoks=\toks22
\ex@=\dimen122
))
("C:\Program Files\MiKTeX 2.9\RealMiKTex\tex\latex\amsmath\amsbsy.sty"
Package: amsbsy 1999/11/29 v1.2d
\pmbraise@=\dimen123
)
("C:\Program Files\MiKTeX 2.9\RealMiKTex\tex\latex\amsmath\amsopn.sty"
Package: amsopn 1999/12/14 v2.01 operator names
)
\inf@bad=\count107
LaTeX Info: Redefining \frac on input line 210.
\uproot@=\count108
\leftroot@=\count109
LaTeX Info: Redefining \overline on input line 306.
\classnum@=\count110
\DOTSCASE@=\count111
LaTeX Info: Redefining \ldots on input line 378.
LaTeX Info: Redefining \dots on input line 381.
LaTeX Info: Redefining \cdots on input line 466.
\Mathstrutbox@=\box52
\strutbox@=\box53
\big@size=\dimen124
LaTeX Font Info:    Redeclaring font encoding OML on input line 566.
LaTeX Font Info:    Redeclaring font encoding OMS on input line 567.
\macc@depth=\count112
\c@MaxMatrixCols=\count113
\dotsspace@=\muskip10
\c@parentequation=\count114
\dspbrk@lvl=\count115
\tag@help=\toks23
\row@=\count116
\column@=\count117
\maxfields@=\count118
\andhelp@=\toks24
\eqnshift@=\dimen125
\alignsep@=\dimen126
\tagshift@=\dimen127
\tagwidth@=\dimen128
\totwidth@=\dimen129
\lineht@=\dimen130
\@envbody=\toks25
\multlinegap=\skip60
\multlinetaggap=\skip61
\mathdisplay@stack=\toks26
LaTeX Info: Redefining \[ on input line 2665.
LaTeX Info: Redefining \] on input line 2666.
)
("C:\Program Files\MiKTeX 2.9\RealMiKTex\tex\generic\babel\babel.sty"
Package: babel 2015/08/03 3.9m The Babel package

*************************************
* Local config file bblopts.cfg used
*
("C:\Program Files\MiKTeX 2.9\RealMiKTex\tex\latex\00miktex\bblopts.cfg"
File: bblopts.cfg 2006/07/31 v1.0 MiKTeX 'babel' configuration
)
("C:\Program Files\MiKTeX 2.9\RealMiKTex\tex\latex\babel-spanish\spanish.ldf"
Language: spanish.ldf 2014/04/24 v5.0n Spanish support from the babel system

("C:\Program Files\MiKTeX 2.9\RealMiKTex\tex\generic\babel\babel.def"
File: babel.def 2015/08/03 3.9m Babel common definitions
\babel@savecnt=\count119
\U@D=\dimen131
)
\es@quottoks=\toks27
\es@quotdepth=\count120
Package babel Info: Making " an active character on input line 516.
Package babel Info: Making . an active character on input line 617.
Package babel Info: Making < an active character on input line 662.
Package babel Info: Making > an active character on input line 662.
Package babel Info: Making ' an active character on input line 680.
)
("C:\Program Files\MiKTeX 2.9\RealMiKTex\tex\latex\babel-english\english.ldf"
Language: english 2012/08/20 v3.3p English support from the babel system
\l@canadian = a dialect from \language\l@american 
\l@australian = a dialect from \language\l@british 
\l@newzealand = a dialect from \language\l@british 
)
("C:\Program Files\MiKTeX 2.9\RealMiKTex\tex\latex\babel-basque\basque.ldf"
Language: basque 2005/03/29 v1.0f Basque support from the babel system
Warning: You are using encoding OT1 instead of T1.
Some word breaks will not be found.
))
("C:\Program Files\MiKTeX 2.9\RealMiKTex\tex\latex\nomencl\nomencl.sty"
Package: nomencl 2005/09/22 v4.2 Nomenclature package (LN)
\nomlabelwidth=\dimen132
\nom@tempdim=\dimen133
\nomitemsep=\skip62
)
\@nomenclaturefile=\write3

Writing nomenclature file tesisnew.nlo
("C:\Program Files\MiKTeX 2.9\RealMiKTex\tex\generic\oberdiek\ifpdf.sty"
Package: ifpdf 2011/01/30 v2.3 Provides the ifpdf switch (HO)
Package ifpdf Info: pdfTeX in PDF mode is detected.
)
("C:\Program Files\MiKTeX 2.9\RealMiKTex\tex\latex\hyperref\hyperref.sty"
Package: hyperref 2012/11/06 v6.83m Hypertext links for LaTeX

("C:\Program Files\MiKTeX 2.9\RealMiKTex\tex\generic\oberdiek\hobsub-hyperref.s
ty"
Package: hobsub-hyperref 2012/04/25 v1.12 Bundle oberdiek, subset hyperref (HO)


("C:\Program Files\MiKTeX 2.9\RealMiKTex\tex\generic\oberdiek\hobsub-generic.st
y"
Package: hobsub-generic 2012/04/25 v1.12 Bundle oberdiek, subset generic (HO)
Package: hobsub 2012/04/25 v1.12 Construct package bundles (HO)
Package hobsub Info: Skipping package `infwarerr' (already loaded).
Package hobsub Info: Skipping package `ltxcmds' (already loaded).
Package: ifluatex 2010/03/01 v1.3 Provides the ifluatex switch (HO)
Package ifluatex Info: LuaTeX not detected.
Package: ifvtex 2010/03/01 v1.5 Detect VTeX and its facilities (HO)
Package ifvtex Info: VTeX not detected.
Package: intcalc 2007/09/27 v1.1 Expandable calculations with integers (HO)
Package hobsub Info: Skipping package `ifpdf' (already loaded).
Package: etexcmds 2011/02/16 v1.5 Avoid name clashes with e-TeX commands (HO)
Package etexcmds Info: Could not find \expanded.
(etexcmds)             That can mean that you are not using pdfTeX 1.50 or
(etexcmds)             that some package has redefined \expanded.
(etexcmds)             In the latter case, load this package earlier.
Package: kvsetkeys 2012/04/25 v1.16 Key value parser (HO)
Package: kvdefinekeys 2011/04/07 v1.3 Define keys (HO)
Package: pdftexcmds 2011/11/29 v0.20 Utility functions of pdfTeX for LuaTeX (HO
)
Package pdftexcmds Info: LuaTeX not detected.
Package pdftexcmds Info: \pdf@primitive is available.
Package pdftexcmds Info: \pdf@ifprimitive is available.
Package pdftexcmds Info: \pdfdraftmode found.
Package: pdfescape 2011/11/25 v1.13 Implements pdfTeX's escape features (HO)
Package: bigintcalc 2012/04/08 v1.3 Expandable calculations on big integers (HO
)
Package: bitset 2011/01/30 v1.1 Handle bit-vector datatype (HO)
Package: uniquecounter 2011/01/30 v1.2 Provide unlimited unique counter (HO)
)
Package hobsub Info: Skipping package `hobsub' (already loaded).
Package: letltxmacro 2010/09/02 v1.4 Let assignment for LaTeX macros (HO)
Package: hopatch 2011/06/24 v1.1 Wrapper for package hooks (HO)
Package: xcolor-patch 2011/01/30 xcolor patch
Package: atveryend 2011/06/30 v1.8 Hooks at the very end of document (HO)
Package atveryend Info: \enddocument detected (standard20110627).
Package: atbegshi 2011/10/05 v1.16 At begin shipout hook (HO)
Package: refcount 2011/10/16 v3.4 Data extraction from label references (HO)
Package: hycolor 2011/01/30 v1.7 Color options for hyperref/bookmark (HO)
) ("C:\Program Files\MiKTeX 2.9\RealMiKTex\tex\generic\ifxetex\ifxetex.sty"
Package: ifxetex 2010/09/12 v0.6 Provides ifxetex conditional
) ("C:\Program Files\MiKTeX 2.9\RealMiKTex\tex\latex\oberdiek\auxhook.sty"
Package: auxhook 2011/03/04 v1.3 Hooks for auxiliary files (HO)
)
("C:\Program Files\MiKTeX 2.9\RealMiKTex\tex\latex\oberdiek\kvoptions.sty"
Package: kvoptions 2011/06/30 v3.11 Key value format for package options (HO)
)
\@linkdim=\dimen134
\Hy@linkcounter=\count121
\Hy@pagecounter=\count122

("C:\Program Files\MiKTeX 2.9\RealMiKTex\tex\latex\hyperref\pd1enc.def"
File: pd1enc.def 2012/11/06 v6.83m Hyperref: PDFDocEncoding definition (HO)
)
\Hy@SavedSpaceFactor=\count123

("C:\Program Files\MiKTeX 2.9\RealMiKTex\tex\latex\00miktex\hyperref.cfg"
File: hyperref.cfg 2002/06/06 v1.2 hyperref configuration of TeXLive
)
Package hyperref Info: Option `plainpages' set `false' on input line 4319.
Package hyperref Info: Option `pdfpagelabels' set `true' on input line 4319.


Package hyperref Warning: Values of option `pdfpagelayout':
(hyperref)                * `SinglePage'
(hyperref)                * `OneColumn'
(hyperref)                * `TwoColumnLeft'
(hyperref)                * `TwoColumnRight'
(hyperref)                * `TwoPageLeft' (PDF 1.5)
(hyperref)                * `TwoPageRight' (PDF 1.5)
(hyperref)                * An empty value disables the option.
(hyperref)                Unknown value `useoutlines' on input line 4319.

Package hyperref Info: Option `bookmarks' set `true' on input line 4319.
Package hyperref Info: Option `bookmarksopen' set `true' on input line 4319.
Package hyperref Info: Option `bookmarksnumbered' set `true' on input line 4319
.
Package hyperref Info: Option `breaklinks' set `true' on input line 4319.
Package hyperref Info: Option `linktocpage' set `true' on input line 4319.
Package hyperref Info: Option `colorlinks' set `false' on input line 4319.
Package hyperref Info: Option `hyperindex' set `true' on input line 4319.
Package hyperref Info: Option `hyperfigures' set `true' on input line 4319.
Package hyperref Info: Hyper figures ON on input line 4441.
Package hyperref Info: Link nesting OFF on input line 4448.
Package hyperref Info: Hyper index ON on input line 4451.
Package hyperref Info: Plain pages OFF on input line 4458.
Package hyperref Info: Backreferencing ON on input line 4461.
Package hyperref Info: Implicit mode ON; LaTeX internals redefined.
Package hyperref Info: Bookmarks ON on input line 4688.
("C:\Program Files\MiKTeX 2.9\RealMiKTex\tex\latex\hyperref\backref.sty"
Package: backref 2012/07/25 v1.38 Bibliographical back referencing

("C:\Program Files\MiKTeX 2.9\RealMiKTex\tex\latex\oberdiek\rerunfilecheck.sty"
Package: rerunfilecheck 2011/04/15 v1.7 Rerun checks for auxiliary files (HO)
Package uniquecounter Info: New unique counter `rerunfilecheck' on input line 2
82.
))
\c@Hy@tempcnt=\count124
 ("C:\Program Files\MiKTeX 2.9\RealMiKTex\tex\latex\url\url.sty"
\Urlmuskip=\muskip11
Package: url 2013/09/16  ver 3.4  Verb mode for urls, etc.
)
LaTeX Info: Redefining \url on input line 5041.
\XeTeXLinkMargin=\dimen135
\Fld@menulength=\count125
\Field@Width=\dimen136
\Fld@charsize=\dimen137
Package hyperref Info: Hyper figures ON on input line 6293.
Package hyperref Info: Link nesting OFF on input line 6300.
Package hyperref Info: Hyper index ON on input line 6303.
Package hyperref Info: backreferencing ON on input line 6308.
Package hyperref Info: Link coloring OFF on input line 6315.
Package hyperref Info: Link coloring with OCG OFF on input line 6320.
Package hyperref Info: PDF/A mode OFF on input line 6325.
LaTeX Info: Redefining \ref on input line 6365.
LaTeX Info: Redefining \pageref on input line 6369.
\Hy@abspage=\count126
\c@Item=\count127
\c@Hfootnote=\count128
)

Package hyperref Message: Driver: hpdftex.

("C:\Program Files\MiKTeX 2.9\RealMiKTex\tex\latex\hyperref\hpdftex.def"
File: hpdftex.def 2012/11/06 v6.83m Hyperref driver for pdfTeX
\Fld@listcount=\count129
\c@bookmark@seq@number=\count130
\Hy@SectionHShift=\skip63
)
("C:\Program Files\MiKTeX 2.9\RealMiKTex\tex\latex\graphics\graphicx.sty"
Package: graphicx 2014/10/28 v1.0g Enhanced LaTeX Graphics (DPC,SPQR)
\Gin@req@height=\dimen138
\Gin@req@width=\dimen139
)
("C:\Program Files\MiKTeX 2.9\RealMiKTex\tex\latex\psnfss\times.sty"
Package: times 2005/04/12 PSNFSS-v9.2a (SPQR) 
)
("C:\Program Files\MiKTeX 2.9\RealMiKTex\tex\latex\quotchap\quotchap.sty"
Package: quotchap 2012/10/20 v1.1 Decorative Chapter Headings with Quotes
\@quotebox=\box54
)
("C:\Program Files\MiKTeX 2.9\RealMiKTex\tex\latex\titlesec\titlesec.sty"
Package: titlesec 2011/12/15 v2.10.0 Sectioning titles
\ttl@box=\box55
\beforetitleunit=\skip64
\aftertitleunit=\skip65
\ttl@plus=\dimen140
\ttl@minus=\dimen141
\ttl@toksa=\toks28
\titlewidth=\dimen142
\titlewidthlast=\dimen143
\titlewidthfirst=\dimen144
)
("C:\Program Files\MiKTeX 2.9\RealMiKTex\tex\latex\fancybox\fancybox.sty"
Package: fancybox 2010/05/15 1.4

Style option: `fancybox' v1.4 <2010/05/15> (tvz)
\@fancybox=\box56
\shadowsize=\dimen145
\@Sbox=\box57
\do@VerbBox=\toks29
\the@fancyput=\toks30
\this@fancyput=\toks31
\EndVerbatimTokens=\toks32
\Verbatim@Outfile=\write4
\Verbatim@Infile=\read1
) ("C:\Program Files\MiKTeX 2.9\RealMiKTex\tex\latex\listings\listings.sty"
\lst@mode=\count131
\lst@gtempboxa=\box58
\lst@token=\toks33
\lst@length=\count132
\lst@currlwidth=\dimen146
\lst@column=\count133
\lst@pos=\count134
\lst@lostspace=\dimen147
\lst@width=\dimen148
\lst@newlines=\count135
\lst@lineno=\count136
\lst@maxwidth=\dimen149

("C:\Program Files\MiKTeX 2.9\RealMiKTex\tex\latex\listings\lstmisc.sty"
File: lstmisc.sty 2015/06/04 1.6 (Carsten Heinz)
\c@lstnumber=\count137
\lst@skipnumbers=\count138
\lst@framebox=\box59
)
("C:\Program Files\MiKTeX 2.9\RealMiKTex\tex\latex\listings\listings.cfg"
File: listings.cfg 2015/06/04 1.6 listings configuration
))
Package: listings 2015/06/04 1.6 (Carsten Heinz)

("C:\Program Files\MiKTeX 2.9\RealMiKTex\tex\latex\rotating\rotating.sty"
Package: rotating 2009/03/28 v2.16a rotated objects in LaTeX
\c@r@tfl@t=\count139
\rotFPtop=\skip66
\rotFPbot=\skip67
\rot@float@box=\box60
\rot@mess@toks=\toks34
)
("C:\Program Files\MiKTeX 2.9\RealMiKTex\tex\latex\graphics\lscape.sty"
Package: lscape 2000/10/22 v3.01 Landscape Pages (DPC)
)
("C:\Program Files\MiKTeX 2.9\RealMiKTex\tex\latex\oberdiek\pdflscape.sty"
Package: pdflscape 2008/08/11 v0.10 Display of landscape pages in PDF (HO)
Package pdflscape Info: Auto-detected driver: pdftex on input line 80.
)
("C:\Program Files\MiKTeX 2.9\RealMiKTex\tex\latex\tools\array.sty"
Package: array 2014/10/28 v2.4c Tabular extension package (FMi)
\col@sep=\dimen150
\extrarowheight=\dimen151
\NC@list=\toks35
\extratabsurround=\skip68
\backup@length=\skip69
)
("C:\Program Files\MiKTeX 2.9\RealMiKTex\tex\latex\booktabs\booktabs.sty"
Package: booktabs 2005/04/14 v1.61803 publication quality tables
\heavyrulewidth=\dimen152
\lightrulewidth=\dimen153
\cmidrulewidth=\dimen154
\belowrulesep=\dimen155
\belowbottomsep=\dimen156
\aboverulesep=\dimen157
\abovetopsep=\dimen158
\cmidrulesep=\dimen159
\cmidrulekern=\dimen160
\defaultaddspace=\dimen161
\@cmidla=\count140
\@cmidlb=\count141
\@aboverulesep=\dimen162
\@belowrulesep=\dimen163
\@thisruleclass=\count142
\@lastruleclass=\count143
\@thisrulewidth=\dimen164
)
("C:\Program Files\MiKTeX 2.9\RealMiKTex\tex\latex\tools\longtable.sty"
Package: longtable 2014/10/28 v4.11 Multi-page Table package (DPC)
\LTleft=\skip70
\LTright=\skip71
\LTpre=\skip72
\LTpost=\skip73
\LTchunksize=\count144
\LTcapwidth=\dimen165
\LT@head=\box61
\LT@firsthead=\box62
\LT@foot=\box63
\LT@lastfoot=\box64
\LT@cols=\count145
\LT@rows=\count146
\c@LT@tables=\count147
\c@LT@chunks=\count148
\LT@p@ftn=\toks36
)
("C:\Program Files\MiKTeX 2.9\RealMiKTex\tex\latex\tools\tabularx.sty"
Package: tabularx 2014/10/28 v2.10 `tabularx' package (DPC)
\TX@col@width=\dimen166
\TX@old@table=\dimen167
\TX@old@col=\dimen168
\TX@target=\dimen169
\TX@delta=\dimen170
\TX@cols=\count149
\TX@ftn=\toks37
)
("C:\Program Files\MiKTeX 2.9\RealMiKTex\tex\latex\multirow\multirow.sty"
\bigstrutjot=\dimen171
)
("C:\Program Files\MiKTeX 2.9\RealMiKTex\tex\latex\slashbox\slashbox.sty"
slashbox style by K.Yasuoka, May 1993.
\@slashboxa=\box65
\@slashboxb=\box66
\@slashboxc=\box67
\@slashboxwd=\count150
\@slashboxht=\count151
\@slashsepl=\dimen172
\@slashsepr=\dimen173
) ("C:\Program Files\MiKTeX 2.9\RealMiKTex\tex\latex\ncctools\watermark.sty"
Package: watermark 2004/12/09 v1.1 Watermarks (NCC)
)
("C:\Program Files\MiKTeX 2.9\RealMiKTex\tex\latex\datetime\datetime.sty"
Package: datetime 2015/03/20 v2.60 Date Time Package

("C:\Program Files\MiKTeX 2.9\RealMiKTex\tex\latex\etoolbox\etoolbox.sty"
Package: etoolbox 2015/08/02 v2.2a e-TeX tools for LaTeX (JAW)
\etb@tempcnta=\count152
)
("C:\Program Files\MiKTeX 2.9\RealMiKTex\tex\latex\fmtcount\fmtcount.sty"
Package: fmtcount 2015/05/05 v3.01

("C:\Program Files\MiKTeX 2.9\RealMiKTex\tex\latex\xkeyval\xkeyval.sty"
Package: xkeyval 2014/12/03 v2.7a package option processing (HA)

("C:\Program Files\MiKTeX 2.9\RealMiKTex\tex\generic\xkeyval\xkeyval.tex"
("C:\Program Files\MiKTeX 2.9\RealMiKTex\tex\generic\xkeyval\xkvutils.tex"
\XKV@toks=\toks38
\XKV@tempa@toks=\toks39
)
\XKV@depth=\count153
File: xkeyval.tex 2014/12/03 v2.7a key=value parser (HA)
))
("C:\Program Files\MiKTeX 2.9\RealMiKTex\tex\latex\fmtcount\fcprefix.sty"
Package: fcprefix 2012/09/28

("C:\Program Files\MiKTeX 2.9\RealMiKTex\tex\latex\fmtcount\fcnumparser.sty"
Package: fcnumparser 2012/09/28
\fc@digit@counter=\count154
))
\c@padzeroesN=\count155
\fc@tmpcatcode=\count156

("C:\Program Files\MiKTeX 2.9\RealMiKTex\tex\latex\fmtcount\fc-english.def"
File: fc-english.def 2013/08/17
)
\@DT@modctr=\count157
\@ordinalctr=\count158
\@orgargctr=\count159
\@strctr=\count160
\@tmpstrctr=\count161
\@DT@loopN=\count162
\@DT@X=\count163
)
("C:\Program Files\MiKTeX 2.9\RealMiKTex\tex\latex\datetime\datetime-defaults.s
ty"
Package: datetime-defaults 2013/09/10
)
\@day=\count164
\@month=\count165
\@year=\count166
\c@HOUR=\count167
\c@HOURXII=\count168
\c@MINUTE=\count169
\c@TOHOUR=\count170
\c@TOMINUTE=\count171
\c@SECOND=\count172
\currenthour=\count173
\currentminute=\count174
\currentsecond=\count175
Package datetime Info: No datetime.cfg file found, using default settings on in
put line 308.
\@dtctr=\count176
\dayofyear=\count177
\dayofweek=\count178
LaTeX Info: Redefining \today on input line 736.
 ("C:\Program Files\MiKTeX 2.9\RealMiKTex\tex\latex\datetime\dt-british.def"
File: dt-british.def 2013/09/10
) ("C:\Program Files\MiKTeX 2.9\RealMiKTex\tex\latex\datetime\dt-basque.def"
File: dt-basque.def 2013/09/10
LaTeX Info: Redefining \datebasque on input line 85.
)
("C:\Program Files\MiKTeX 2.9\RealMiKTex\tex\latex\datetime\dt-spanish.def"
File: dt-spanish.def 2013/09/10
LaTeX Info: Redefining \datespanish on input line 85.
)
\dt@a=\toks40
\dt@b=\toks41
)
("C:\Program Files\MiKTeX 2.9\RealMiKTex\tex\latex\hyphenat\hyphenat.sty"
Package: hyphenat 2009/09/02 v2.3c hyphenation utilities
\langwohyphens=\language70
LaTeX Info: Redefining \_ on input line 43.
))
("C:\Program Files\MiKTeX 2.9\RealMiKTex\tex\latex\blindtext\blindtext.sty"
Package: blindtext 2012/01/06 V2.0 blindtext-Package

("C:\Program Files\MiKTeX 2.9\RealMiKTex\tex\latex\tools\xspace.sty"
Package: xspace 2014/10/28 v1.13 Space after command names (DPC,MH)
)
\c@blindtext=\count179
\c@Blindtext=\count180
\c@blind@countparstart=\count181
\blind@countxx=\count182
\blindtext@numBlindtext=\count183
\blind@countyy=\count184
\c@blindlist=\count185
\c@blindlistlevel=\count186
\c@blindlist@level=\count187
\blind@listitem=\count188
\c@blind@listcount=\count189
\c@blind@levelcount=\count190
\blind@mathformula=\count191
\blind@Mathformula=\count192
\c@blind@randomcount=\count193
\c@blind@randommax=\count194
\c@blind@pangramcount=\count195
\c@blind@pangrammax=\count196
)
\@input{Latex/Macros/MacroFile1.aux}
(Latex/Macros/MacroFile1.tex)
! Undefined control sequence.
l.29 \director
              {Dr. Angel Cano Cordero}               % Director de tesis
? 

! LaTeX Error: Missing \begin{document}.

See the LaTeX manual or LaTeX Companion for explanation.
Type  H <return>  for immediate help.
 ...                                              
                                                  
l.29 \director{D
                r. Angel Cano Cordero}               % Director de tesis
? 
! Undefined control sequence.
l.31 \lugar
           {México, D.F.}                        % Lugar
? 
("C:\Program Files\MiKTeX 2.9\RealMiKTex\tex\latex\ucs\uni-0.def"
File: uni-0.def 2013/05/13 UCS: Unicode data U+0000..U+00FF
)
! Undefined control sequence.
l.33 \portadatrue
                                                 % Portada en COLOR
? 
! Undefined control sequence.
l.52 \keywords
              {tesis,autor,tutor,etc}            % Palablas clave para los m...

? 

! LaTeX Error: Missing \begin{document}.

See the LaTeX manual or LaTeX Companion for explanation.
Type  H <return>  for immediate help.
 ...                                              
                                                  
l.52 \keywords{t
                esis,autor,tutor,etc}            % Palablas clave para los m...

? 
! Undefined control sequence.
l.53 \subject
             {tema_1,tema_2}                     % Tema para metadatos del PDF
? 
! Missing $ inserted.
<inserted text> 
                $
l.53 \subject{tema_
                   1,tema_2}                     % Tema para metadatos del PDF
? 
LaTeX Font Info:    Try loading font information for U+msa on input line 53.
("C:\Program Files\MiKTeX 2.9\RealMiKTex\tex\latex\amsfonts\umsa.fd"
File: umsa.fd 2013/01/14 v3.01 AMS symbols A
)
LaTeX Font Info:    Try loading font information for U+msb on input line 53.

("C:\Program Files\MiKTeX 2.9\RealMiKTex\tex\latex\amsfonts\umsb.fd"
File: umsb.fd 2013/01/14 v3.01 AMS symbols B
)
! Extra }, or forgotten $.
l.53 \subject{tema_1,tema_2}
                                                 % Tema para metadatos del PDF
? 
! Missing $ inserted.
<inserted text> 
                $
l.54 
     
? 
(tesisnew.aux (0_frontmatter/abstract.aux
LaTeX Info: Redefining \. on input line 4.
LaTeX Info: Redefining \% on input line 4.
) (1_Ecu_dif_hip/0_index.aux)
(2_Monodromia/0_index.aux

LaTeX Warning: Label `lazos3' multiply defined.

) (3_Grupo_Schottky/0_index.aux) (4_Teorema_Nielsen/0_index.aux)
(9_backmatter/0_index.aux) (9_backmatter/0_index.aux) (5_apendice/0_index.aux))
LaTeX Font Info:    Checking defaults for OML/cmm/m/it on input line 58.
LaTeX Font Info:    ... okay on input line 58.
LaTeX Font Info:    Checking defaults for T1/cmr/m/n on input line 58.
LaTeX Font Info:    ... okay on input line 58.
LaTeX Font Info:    Checking defaults for OT1/cmr/m/n on input line 58.
LaTeX Font Info:    ... okay on input line 58.
LaTeX Font Info:    Checking defaults for OMS/cmsy/m/n on input line 58.
LaTeX Font Info:    ... okay on input line 58.
LaTeX Font Info:    Checking defaults for OMX/cmex/m/n on input line 58.
LaTeX Font Info:    ... okay on input line 58.
LaTeX Font Info:    Checking defaults for U/cmr/m/n on input line 58.
LaTeX Font Info:    ... okay on input line 58.
LaTeX Font Info:    Checking defaults for PD1/pdf/m/n on input line 58.
LaTeX Font Info:    ... okay on input line 58.
LaTeX Font Info:    Try loading font information for OT1+ptm on input line 58.
("C:\Program Files\MiKTeX 2.9\RealMiKTex\tex\latex\psnfss\ot1ptm.fd"
File: ot1ptm.fd 2001/06/04 font definitions for OT1/ptm.
)
("C:\Program Files\MiKTeX 2.9\RealMiKTex\tex\context\base\supp-pdf.mkii"
[Loading MPS to PDF converter (version 2006.09.02).]
\scratchcounter=\count197
\scratchdimen=\dimen174
\scratchbox=\box68
\nofMPsegments=\count198
\nofMParguments=\count199
\everyMPshowfont=\toks42
\MPscratchCnt=\count200
\MPscratchDim=\dimen175
\MPnumerator=\count201
\makeMPintoPDFobject=\count202
\everyMPtoPDFconversion=\toks43
)
Package caption Info: Begin \AtBeginDocument code.
Package caption Info: hyperref package is loaded.
Package caption Info: listings package is loaded.
Package caption Info: longtable package is loaded.
 ("C:\Program Files\MiKTeX 2.9\RealMiKTex\tex\latex\caption\ltcaption.sty"
Package: ltcaption 2013/02/03 v1.3-62 longtable captions (AR)
)
Package caption Info: rotating package is loaded.
Package caption Info: End \AtBeginDocument code.

("C:\Program Files\MiKTeX 2.9\RealMiKTex\tex\latex\ucs\ucsencs.def"
File: ucsencs.def 2011/01/21 Fixes to fontencodings LGR, T3
)
\AtBeginShipoutBox=\box69
Package backref Info: ** backref set up for natbib ** on input line 58.
Package hyperref Info: Link coloring OFF on input line 58.

("C:\Program Files\MiKTeX 2.9\RealMiKTex\tex\latex\hyperref\nameref.sty"
Package: nameref 2012/10/27 v2.43 Cross-referencing by name of section

("C:\Program Files\MiKTeX 2.9\RealMiKTex\tex\generic\oberdiek\gettitlestring.st
y"
Package: gettitlestring 2010/12/03 v1.4 Cleanup title references (HO)
)
\c@section@level=\count203
)
LaTeX Info: Redefining \ref on input line 58.
LaTeX Info: Redefining \pageref on input line 58.
LaTeX Info: Redefining \nameref on input line 58.
 (tesisnew.out) (tesisnew.out)
\@outlinefile=\write5
\c@lstlisting=\count204
 [1



\FN@pp@footnotehinttrue 

{C:/Users/San/AppData/Local/MiKTeX/2.9/pdftex/config/pdftex.map}]
LaTeX Font Info:    Font shape `OT1/ptm/bx/n' in size <14.4> not available
(Font)              Font shape `OT1/ptm/b/n' tried instead on input line 60.

! Undefined control sequence.
\maketitle ...enter} { \Large {\bfseries {\@crest 
                                                  }} \par } {\vspace *{0.5ex...
l.60 \maketitle
               									% Se redefinió este comando en el archivo de la cla...

? 
! Undefined control sequence.
<recently read> \@university 
                             
l.60 \maketitle
               									% Se redefinió este comando en el archivo de la cla...

? 
! Undefined control sequence.
\maketitle ...} \vspace *{0.5ex} {\@collegeordept 
                                                  \par } \vspace *{1ex} {\@t...
l.60 \maketitle
               									% Se redefinió este comando en el archivo de la cla...

? 
! Undefined control sequence.
\maketitle ...par } \vspace *{1ex} {\@textadvisor 
                                                  \@advisor \par } {\@adviso...
l.60 \maketitle
               									% Se redefinió este comando en el archivo de la cla...

? 
! Undefined control sequence.
\maketitle ...ace *{1ex} {\@textadvisor \@advisor 
                                                  \par } {\@advisortwo \par ...
l.60 \maketitle
               									% Se redefinió este comando en el archivo de la cla...

? 
! Undefined control sequence.
\maketitle ...isor \@advisor \par } {\@advisortwo 
                                                  \par } \vspace *{4ex} }\en...
l.60 \maketitle
               									% Se redefinió este comando en el archivo de la cla...

? 
[2]
! Undefined control sequence.
\maketitle ...enter} { \Large {\bfseries {\@crest 
                                                  }} \par } {\vspace *{0.5ex...
l.60 \maketitle
               									% Se redefinió este comando en el archivo de la cla...

? 
! Undefined control sequence.
<recently read> \@university 
                             
l.60 \maketitle
               									% Se redefinió este comando en el archivo de la cla...

? 
! Undefined control sequence.
\maketitle ...} \vspace *{0.5ex} {\@collegeordept 
                                                  \par } \vspace *{1ex} {\@t...
l.60 \maketitle
               									% Se redefinió este comando en el archivo de la cla...

? 
! Undefined control sequence.
\maketitle ...par } \vspace *{1ex} {\@textadvisor 
                                                  \@advisor \par } {\@adviso...
l.60 \maketitle
               									% Se redefinió este comando en el archivo de la cla...

? 
! Undefined control sequence.
\maketitle ...ace *{1ex} {\@textadvisor \@advisor 
                                                  \par } {\@advisortwo \par ...
l.60 \maketitle
               									% Se redefinió este comando en el archivo de la cla...

? 
! Undefined control sequence.
\maketitle ...isor \@advisor \par } {\@advisortwo 
                                                  \par } \vspace *{4ex} {\@t...
l.60 \maketitle
               									% Se redefinió este comando en el archivo de la cla...

? 
! Undefined control sequence.
\maketitle ...ce *{4ex} {\@textsignaturecandidate 
                                                  \hspace *{15ex}\@textsigna...
l.60 \maketitle
               									% Se redefinió este comando en el archivo de la cla...

? 
! Undefined control sequence.
\maketitle ...space *{15ex}\@textsignatureadvisor 
                                                  \hspace *{15ex}\@textsigna...
l.60 \maketitle
               									% Se redefinió este comando en el archivo de la cla...

? 
! Undefined control sequence.
\maketitle ...space *{15ex}\@textsignatureadvisor 
                                                  \par } \vspace *{15ex} {\@...
l.60 \maketitle
               									% Se redefinió este comando en el archivo de la cla...

? 
! Undefined control sequence.
\maketitle ...ar } \vspace *{15ex} {\@cityofbirth 
                                                  , \@degreedate } }\end {ce...
l.60 \maketitle
               									% Se redefinió este comando en el archivo de la cla...

? 
[3

] [4

] ("C:\Program Files\MiKTeX 2.9\RealMiKTex\tex\latex\titlesec\block.tss"
File: block.tss 2011/12/15
) (0_frontmatter/abstract.tex
LaTeX Info: Redefining \. on input line 83.
LaTeX Info: Redefining \% on input line 83.

<abstract-dibujo1.pdf, id=148, 845.0471pt x 597.51233pt>
File: abstract-dibujo1.pdf Graphic file (type pdf)

<use abstract-dibujo1.pdf>
Package pdftex.def Info: abstract-dibujo1.pdf used on input line 92.
(pdftex.def)             Requested size: 284.52756pt x 201.18216pt.
LaTeX Font Info:    Font shape `OT1/ptm/bx/n' in size <10> not available
(Font)              Font shape `OT1/ptm/b/n' tried instead on input line 93.
Package babel Info: Redefining spanish shorthand <<
(babel)             in language  on input line 101.
Package babel Info: Redefining spanish shorthand >>
(babel)             in language  on input line 101.
Package babel Info: Redefining spanish shorthand "=
(babel)             in language  on input line 101.
Package babel Info: Redefining spanish shorthand "~
(babel)             in language  on input line 101.
Package babel Info: Redefining spanish shorthand "!
(babel)             in language  on input line 101.
Package babel Info: Redefining spanish shorthand "?
(babel)             in language  on input line 101.
Package babel Info: Redefining spanish shorthand <<
(babel)             in language  on input line 101.
Package babel Info: Redefining spanish shorthand >>
(babel)             in language  on input line 101.
Package babel Info: Redefining spanish shorthand "=
(babel)             in language  on input line 101.
Package babel Info: Redefining spanish shorthand "~
(babel)             in language  on input line 101.
Package babel Info: Redefining spanish shorthand "!
(babel)             in language  on input line 101.
Package babel Info: Redefining spanish shorthand "?
(babel)             in language  on input line 101.
pdfTeX warning (ext4): destination with the same identifier (name{page.i}) has 
been already used, duplicate ignored
<to be read again> 
                   \relax 
l.101 ...a+b+1 )x \rbrace \frac{du}{dx} - abu=0 $$
                                                   [1


 <./abstract-dibujo1.pdf>]
LaTeX Font Info:    Font shape `OT1/ptm/bx/n' in size <10.95> not available
(Font)              Font shape `OT1/ptm/b/n' tried instead on input line 103.

Package natbib Warning: Citation `gausspainleve' on page ii undefined on input 
line 103.


Underfull \hbox (badness 10000) in paragraph at lines 103--104

 []


Package natbib Warning: Citation `Masaaki' on page ii undefined on input line 1
17.


Package natbib Warning: Citation `Nielsen' on page ii undefined on input line 1
19.


! LaTeX Error: Environment defn undefined.

See the LaTeX manual or LaTeX Companion for explanation.
Type  H <return>  for immediate help.
 ...                                              
                                                  
l.124 \begin{defn}
                  
? 

! LaTeX Error: \begin{quote} on input line 82 ended by \end{defn}.

See the LaTeX manual or LaTeX Companion for explanation.
Type  H <return>  for immediate help.
 ...                                              
                                                  
l.127 \end{defn}
                
? 

Package natbib Warning: Citation `Nielsen' on page ii undefined on input line 1
30.


! LaTeX Error: Environment defn undefined.

See the LaTeX manual or LaTeX Companion for explanation.
Type  H <return>  for immediate help.
 ...                                              
                                                  
l.132 \begin{defn}
                  
? 

! LaTeX Error: \begin{quote} on input line 82 ended by \end{defn}.

See the LaTeX manual or LaTeX Companion for explanation.
Type  H <return>  for immediate help.
 ...                                              
                                                  
l.135 \end{defn}
                
? 
Package babel Info: Redefining spanish shorthand <<
(babel)             in language  on input line 136.
Package babel Info: Redefining spanish shorthand >>
(babel)             in language  on input line 136.
Package babel Info: Redefining spanish shorthand "=
(babel)             in language  on input line 136.
Package babel Info: Redefining spanish shorthand "~
(babel)             in language  on input line 136.
Package babel Info: Redefining spanish shorthand "!
(babel)             in language  on input line 136.
Package babel Info: Redefining spanish shorthand "?
(babel)             in language  on input line 136.
Package babel Info: Redefining spanish shorthand <<
(babel)             in language  on input line 136.
Package babel Info: Redefining spanish shorthand >>
(babel)             in language  on input line 136.
Package babel Info: Redefining spanish shorthand "=
(babel)             in language  on input line 136.
Package babel Info: Redefining spanish shorthand "~
(babel)             in language  on input line 136.
Package babel Info: Redefining spanish shorthand "!
(babel)             in language  on input line 136.
Package babel Info: Redefining spanish shorthand "?
(babel)             in language  on input line 136.
pdfTeX warning (ext4): destination with the same identifier (name{page.ii}) has
 been already used, duplicate ignored
<to be read again> 
                   \relax 
l.136 
       [2]

! LaTeX Error: Environment defn undefined.

See the LaTeX manual or LaTeX Companion for explanation.
Type  H <return>  for immediate help.
 ...                                              
                                                  
l.141 \begin{defn}
                  
? 

! LaTeX Error: \begin{quote} on input line 82 ended by \end{defn}.

See the LaTeX manual or LaTeX Companion for explanation.
Type  H <return>  for immediate help.
 ...                                              
                                                  
l.148 \end{defn}
                
? 

Package natbib Warning: Citation `Beardon' on page iii undefined on input line 
150.


Package hyperref Warning: Suppressing empty link on input line 150.


Package hyperref Warning: Suppressing empty link on input line 150.


Package natbib Warning: Citation `Nielsen' on page iii undefined on input line 
150.

pdfTeX warning (ext4): destination with the same identifier (name{page.iii}) ha
s been already used, duplicate ignored
<to be read again> 
                   \relax 
l.152 \end{resumen}
                    [3])pdfTeX warning (ext4): destination with the same identi
fier (name{page.iv}) has been already used, duplicate ignored
<to be read again> 
                   \relax 
l.77 \tableofcontents
                                 % Genera el índice [4
\FN@pp@footnotehinttrue 


]
LaTeX Font Info:    Font shape `OT1/ptm/bx/n' in size <30> not available
(Font)              Font shape `OT1/ptm/b/n' tried instead on input line 77.
 (tesisnew.toc
LaTeX Info: Redefining \. on input line 2.
LaTeX Info: Redefining \% on input line 2.
 [5])
\tf@toc=\write6
 [6] (tesisnew.lof
LaTeX Info: Redefining \. on input line 2.
LaTeX Info: Redefining \% on input line 2.
)
\tf@lof=\write7
 [7

] [8

] (tesisnew.lot
LaTeX Info: Redefining \. on input line 2.
LaTeX Info: Redefining \% on input line 2.
)
\tf@lot=\write8
 [9] [10

]
(1_Ecu_dif_hip/0_index.tex
Kapitulua 1.
LaTeX Font Info:    Font shape `OT1/ptm/bx/n' in size <90> not available
(Font)              Font shape `OT1/ptm/b/n' tried instead on input line 14.

Underfull \hbox (badness 10000) in paragraph at lines 46--47

 []

[1


]
Underfull \hbox (badness 10000) in paragraph at lines 74--75

 []

[2]
Underfull \hbox (badness 10000) in paragraph at lines 88--89

 []

[3]
Overfull \hbox (12.22206pt too wide) in paragraph at lines 130--131
[]\OT1/ptm/m/n/10.95 Sean $\OML/cmm/m/it/10.95 f[]; f[]$ \OT1/ptm/m/n/10.95 fun
-cio-nes anal[]ticas en do-mi-nios $\OT1/cmr/m/n/10.95 []\OML/cmm/m/it/10.95 
; \OT1/cmr/m/n/10.95 []$ \OT1/ptm/m/n/10.95 res-pec-ti-va-men-te, su-pon-ga-mo
s adem[]as
 []


! LaTeX Error: Environment defn undefined.

See the LaTeX manual or LaTeX Companion for explanation.
Type  H <return>  for immediate help.
 ...                                              
                                                  
l.135 \begin{defn}
                  
? 

! LaTeX Error: \begin{document} ended by \end{defn}.

See the LaTeX manual or LaTeX Companion for explanation.
Type  H <return>  for immediate help.
 ...                                              
                                                  
l.142 \end{defn}
                
? 
[4] <continuacion-analitica.pdf, id=324, 845.0471pt x 597.51233pt>
File: continuacion-analitica.pdf Graphic file (type pdf)

<use continuacion-analitica.pdf>
Package pdftex.def Info: continuacion-analitica.pdf used on input line 151.
(pdftex.def)             Requested size: 227.62204pt x 160.94756pt.


! LaTeX Error: Environment defn undefined.

See the LaTeX manual or LaTeX Companion for explanation.
Type  H <return>  for immediate help.
 ...                                              
                                                  
l.162 \begin{defn}
                  
? 

! LaTeX Error: \begin{document} ended by \end{defn}.

See the LaTeX manual or LaTeX Companion for explanation.
Type  H <return>  for immediate help.
 ...                                              
                                                  
l.164 \end{defn}
                
? 

Overfull \hbox (10.2525pt too wide) in paragraph at lines 163--165
[]\OT1/ptm/m/n/10.95 Un gru-po de Schotkky es un gru-po ge-ne-ra-do por trans-f
or-ma-cio-nes de M[]obius $\OML/cmm/m/it/10.95 g[]; ::g[]; k \OMS/cmsy/m/n/10.9
5 
 []

[5 <./continuacion-analitica.pdf>]

! LaTeX Error: Environment thm undefined.

See the LaTeX manual or LaTeX Companion for explanation.
Type  H <return>  for immediate help.
 ...                                              
                                                  
l.172 \begin{thm}
                 
? 

! LaTeX Error: \begin{document} ended by \end{thm}.

See the LaTeX manual or LaTeX Companion for explanation.
Type  H <return>  for immediate help.
 ...                                              
                                                  
l.174 \end{thm}
               
? 

Package natbib Warning: Citation `Kleniangroups' on page 6 undefined on input l
ine 180.

) [6] (2_Monodromia/0_index.tex
Kapitulua 2.

Package natbib Warning: Citation `gausspainleve' on page 7 undefined on input l
ine 31.


Underfull \hbox (badness 10000) in paragraph at lines 31--32

 []


! LaTeX Error: Environment thm undefined.

See the LaTeX manual or LaTeX Companion for explanation.
Type  H <return>  for immediate help.
 ...                                              
                                                  
l.41 \begin{thm}
                 Para cada $(a,b) \in D $ hay una soluci\'on \'unica $u$ de ...

? 

! LaTeX Error: \begin{document} ended by \end{thm}.

See the LaTeX manual or LaTeX Companion for explanation.
Type  H <return>  for immediate help.
 ...                                              
                                                  
l.45 \end{thm}
              
? 

! LaTeX Error: Environment thm undefined.

See the LaTeX manual or LaTeX Companion for explanation.
Type  H <return>  for immediate help.
 ...                                              
                                                  
l.47 \begin{thm}
                 Si el sistema \ref{sistema ecuaciones diferenciales} y el v...

? 

! LaTeX Error: \begin{document} ended by \end{thm}.

See the LaTeX manual or LaTeX Companion for explanation.
Type  H <return>  for immediate help.
 ...                                              
                                                  
l.48 \end{thm}
              
? 
[7



]

! LaTeX Error: Environment thm undefined.

See the LaTeX manual or LaTeX Companion for explanation.
Type  H <return>  for immediate help.
 ...                                              
                                                  
l.70 \begin{thm}
                Para cada punto $a \in D$ y cualesquiera complejos $b_{0},.....

? 

! LaTeX Error: \begin{document} ended by \end{thm}.

See the LaTeX manual or LaTeX Companion for explanation.
Type  H <return>  for immediate help.
 ...                                              
                                                  
l.75 \end{thm}
              
? 

Underfull \hbox (badness 10000) in paragraph at lines 77--78

 []


! LaTeX Error: Environment defn undefined.

See the LaTeX manual or LaTeX Companion for explanation.
Type  H <return>  for immediate help.
 ...                                              
                                                  
l.79 \begin{defn}
                  Un punto singular $a$ de \ref{eqn:sistema_ecuaciones_ordin...

? 

! LaTeX Error: \begin{document} ended by \end{defn}.

See the LaTeX manual or LaTeX Companion for explanation.
Type  H <return>  for immediate help.
 ...                                              
                                                  
l.84 \end{defn}
               
? 
[8]

! LaTeX Error: Environment defn undefined.

See the LaTeX manual or LaTeX Companion for explanation.
Type  H <return>  for immediate help.
 ...                                              
                                                  
l.131 \begin{defn}
                   La ecuaci\'on algebraica
? 

! LaTeX Error: \begin{document} ended by \end{defn}.

See the LaTeX manual or LaTeX Companion for explanation.
Type  H <return>  for immediate help.
 ...                                              
                                                  
l.136 \end{defn}
                
? 

! LaTeX Error: Environment lem undefined.

See the LaTeX manual or LaTeX Companion for explanation.
Type  H <return>  for immediate help.
 ...                                              
                                                  
l.140 \begin{lem}
                  Una ecuaci\'on diferencial
? 
[9]

! LaTeX Error: \begin{document} ended by \end{lem}.

See the LaTeX manual or LaTeX Companion for explanation.
Type  H <return>  for immediate help.
 ...                                              
                                                  
l.144 \end{lem}
               
? 

! LaTeX Error: Environment prop undefined.

See the LaTeX manual or LaTeX Companion for explanation.
Type  H <return>  for immediate help.
 ...                                              
                                                  
l.148 \begin{prop}
                  [Una caracterizaci\'on de las ecuaciones $Fuchsianas$ ]
? 

! LaTeX Error: \begin{document} ended by \end{prop}.

See the LaTeX manual or LaTeX Companion for explanation.
Type  H <return>  for immediate help.
 ...                                              
                                                  
l.154 \end{prop}
                
? 

! LaTeX Error: Environment defn undefined.

See the LaTeX manual or LaTeX Companion for explanation.
Type  H <return>  for immediate help.
 ...                                              
                                                  
l.156 \begin{defn}
                   Un esquema de $Riemann$ es una tabla donde se representan...

? 

! LaTeX Error: \begin{document} ended by \end{defn}.

See the LaTeX manual or LaTeX Companion for explanation.
Type  H <return>  for immediate help.
 ...                                              
                                                  
l.166 \end{defn}
                
? 

Package natbib Warning: Citation `gausspainleve' on page 10 undefined on input 
line 177.

[10]
Underfull \hbox (badness 10000) in paragraph at lines 192--193

 []

[11]
Underfull \hbox (badness 10000) in paragraph at lines 234--235

 []

LaTeX Font Info:    Try loading font information for U+euf on input line 236.
("C:\Program Files\MiKTeX 2.9\RealMiKTex\tex\latex\amsfonts\ueuf.fd"
File: ueuf.fd 2013/01/14 v3.01 Euler Fraktur
)

Package natbib Warning: Citation `gausspainleve' on page 12 undefined on input 
line 236.


Overfull \hbox (21.2075pt too wide) in paragraph at lines 250--251
[]\OT1/ptm/m/n/10.95 Es un ho-mo-mor-fis-mo. Lla-ma-mos a $\OML/cmm/m/it/10.95 
[]$ \OT1/ptm/m/n/10.95 la re-pre-sen-ta-ci[]on de mo-no-drom[]a y a $\OML/cmm
/m/it/10.95 []\OT1/cmr/m/n/10.95 ([](\OML/cmm/m/it/10.95 D; b\OT1/cmr/m/n/10.
95 )) \OMS/cmsy/m/n/10.95 
 []

[12]

! LaTeX Error: Environment prob undefined.

See the LaTeX manual or LaTeX Companion for explanation.
Type  H <return>  for immediate help.
 ...                                              
                                                  
l.273 \begin{prob}
                  {Problema de matrices de conexi\'on} Para una ecuaci\'on d...

? 

! LaTeX Error: \begin{document} ended by \end{prob}.

See the LaTeX manual or LaTeX Companion for explanation.
Type  H <return>  for immediate help.
 ...                                              
                                                  
l.281 \end{prob}
                
? 
<lazos3.pdf, id=430, 845.0471pt x 597.51233pt>
File: lazos3.pdf Graphic file (type pdf)
 <use lazos3.pdf>
Package pdftex.def Info: lazos3.pdf used on input line 294.
(pdftex.def)             Requested size: 284.52756pt x 201.18216pt.


LaTeX Warning: `h' float specifier changed to `ht'.

[13] [14 <./lazos3.pdf>]

! LaTeX Error: Environment defn undefined.

See the LaTeX manual or LaTeX Companion for explanation.
Type  H <return>  for immediate help.
 ...                                              
                                                  
l.324 \begin{defn}
                  La ecuaci\'on de Riemann $RE(\rho,\sigma,\tau)$ se dice ir...

? 

! LaTeX Error: \begin{document} ended by \end{defn}.

See the LaTeX manual or LaTeX Companion for explanation.
Type  H <return>  for immediate help.
 ...                                              
                                                  
l.325 \end{defn}
                
? 

! LaTeX Error: Environment thm undefined.

See the LaTeX manual or LaTeX Companion for explanation.
Type  H <return>  for immediate help.
 ...                                              
                                                  
l.327 \begin{thm}
                  \label{riemann-irreducible}
? 

! LaTeX Error: \begin{document} ended by \end{thm}.

See the LaTeX manual or LaTeX Companion for explanation.
Type  H <return>  for immediate help.
 ...                                              
                                                  
l.346 \end{thm}
               
? 
[15]

Package natbib Warning: Citation `gausspainleve' on page 16 undefined on input 
line 403.


Underfull \hbox (badness 10000) in paragraph at lines 403--404

 []

[16]

! LaTeX Error: Environment thm undefined.

See the LaTeX manual or LaTeX Companion for explanation.
Type  H <return>  for immediate help.
 ...                                              
                                                  
l.408  \begin{thm}
                   Si ninguno de los exponentes $c$ o $c-a-b$ es un entero e...

? 

! LaTeX Error: \begin{document} ended by \end{thm}.

See the LaTeX manual or LaTeX Companion for explanation.
Type  H <return>  for immediate help.
 ...                                              
                                                  
l.421  \end{thm}
                
? 

Underfull \hbox (badness 10000) in paragraph at lines 423--424

 []


! LaTeX Error: Environment thm undefined.

See the LaTeX manual or LaTeX Companion for explanation.
Type  H <return>  for immediate help.
 ...                                              
                                                  
l.427  \begin{thm}
                  
? 

! LaTeX Error: \begin{document} ended by \end{thm}.

See the LaTeX manual or LaTeX Companion for explanation.
Type  H <return>  for immediate help.
 ...                                              
                                                  
l.445  \end{thm}
                
? 
) [17] (3_Grupo_Schottky/0_index.tex [18



]
Kapitulua 3.

Package natbib Warning: Citation `geometricstudy' on page 19 undefined on input
 line 39.


Package natbib Warning: Citation `geometricstudy' on page 19 undefined on input
 line 43.


Underfull \hbox (badness 10000) in paragraph at lines 43--44

 []

[19] <dominiosfundamentales.pdf, id=514, 845.0471pt x 597.51233pt>
File: dominiosfundamentales.pdf Graphic file (type pdf)

<use dominiosfundamentales.pdf>
Package pdftex.def Info: dominiosfundamentales.pdf used on input line 48.
(pdftex.def)             Requested size: 284.52756pt x 201.18216pt.
 [20 <./dominiosfundamentales.pdf>]

! LaTeX Error: Environment rem undefined.

See the LaTeX manual or LaTeX Companion for explanation.
Type  H <return>  for immediate help.
 ...                                              
                                                  
l.95 \begin{rem}
                
? 

! LaTeX Error: \begin{document} ended by \end{rem}.

See the LaTeX manual or LaTeX Companion for explanation.
Type  H <return>  for immediate help.
 ...                                              
                                                  
l.104 \end{rem}
               
? 
[21] <nuevosdiametros.pdf, id=552, 845.0471pt x 597.51233pt>
File: nuevosdiametros.pdf Graphic file (type pdf)

<use nuevosdiametros.pdf>
Package pdftex.def Info: nuevosdiametros.pdf used on input line 132.
(pdftex.def)             Requested size: 284.52756pt x 201.18216pt.


LaTeX Warning: `h' float specifier changed to `ht'.


! LaTeX Error: Environment prop undefined.

See the LaTeX manual or LaTeX Companion for explanation.
Type  H <return>  for immediate help.
 ...                                              
                                                  
l.148 \begin{prop}
                   Si $\theta_{1} = 0$ entonces $C_{1}$  y $C_{2}$ se tocan ...

? 

! LaTeX Error: \begin{document} ended by \end{prop}.

See the LaTeX manual or LaTeX Companion for explanation.
Type  H <return>  for immediate help.
 ...                                              
                                                  
l.149 \end{prop}
                
? 
[22]
Overfull \hbox (5.52432pt too wide) in paragraph at lines 155--156
\OT1/ptm/m/n/10.95 Aho-ra bien $\OML/cmm/m/it/10.95 s[] \OT1/cmr/m/n/10.95 = \O
MS/cmsy/m/n/10.95  []$ \OT1/ptm/m/n/10.95 y $\OML/cmm/m/it/10.95 s[] \OT1/cmr/m
/n/10.95 = \OMS/cmsy/m/n/10.95  [] \OT1/cmr/m/n/10.95 = \OMS/cmsy/m/n/10.95  []
 \OT1/cmr/m/n/10.95 = \OMS/cmsy/m/n/10.95  [] \OT1/cmr/m/n/10.95 =
 []

[23 <./nuevosdiametros.pdf>]) [24] (4_Teorema_Nielsen/0_index.tex
Kapitulua 4.

Underfull \hbox (badness 10000) in paragraph at lines 31--34

 []


Underfull \hbox (badness 10000) in paragraph at lines 37--40

 []


! LaTeX Error: Environment defn undefined.

See the LaTeX manual or LaTeX Companion for explanation.
Type  H <return>  for immediate help.
 ...                                              
                                                  
l.41 \begin{defn}
                 
? 

! LaTeX Error: \begin{document} ended by \end{defn}.

See the LaTeX manual or LaTeX Companion for explanation.
Type  H <return>  for immediate help.
 ...                                              
                                                  
l.48 \end{defn}
               
? 

Underfull \hbox (badness 10000) in paragraph at lines 42--49

 []


<rectas-concurrentes-paralelas-divergentes.pdf, id=593, 845.0471pt x 597.51233p
t>
File: rectas-concurrentes-paralelas-divergentes.pdf Graphic file (type pdf)
 <use rectas-concurrentes-paralelas-divergentes.pdf>
Package pdftex.def Info: rectas-concurrentes-paralelas-divergentes.pdf used on 
input line 55.
(pdftex.def)             Requested size: 284.52756pt x 201.18216pt.


LaTeX Warning: `h' float specifier changed to `ht'.


Underfull \hbox (badness 10000) in paragraph at lines 60--62

 []


Underfull \hbox (badness 10000) in paragraph at lines 64--69

 []

[25



]
Underfull \hbox (badness 10000) in paragraph at lines 71--75

 []


! LaTeX Error: Environment defn undefined.

See the LaTeX manual or LaTeX Companion for explanation.
Type  H <return>  for immediate help.
 ...                                              
                                                  
l.76 \begin{defn}
                 
? 
<definicion40.pdf, id=598, 845.0471pt x 597.51233pt>
File: definicion40.pdf Graphic file (type pdf)
 <use definicion40.pdf>
Package pdftex.def Info: definicion40.pdf used on input line 94.
(pdftex.def)             Requested size: 227.62204pt x 160.94756pt.


LaTeX Warning: `h' float specifier changed to `ht'.


! LaTeX Error: \begin{document} ended by \end{defn}.

See the LaTeX manual or LaTeX Companion for explanation.
Type  H <return>  for immediate help.
 ...                                              
                                                  
l.99 \end{defn}
               
? 

Underfull \hbox (badness 10000) in paragraph at lines 101--104

 []


Underfull \hbox (badness 10000) in paragraph at lines 105--111

 []


! LaTeX Error: Environment defn undefined.

See the LaTeX manual or LaTeX Companion for explanation.
Type  H <return>  for immediate help.
 ...                                              
                                                  
l.112 \begin{defn}
                  
? 

! LaTeX Error: \begin{document} ended by \end{defn}.

See the LaTeX manual or LaTeX Companion for explanation.
Type  H <return>  for immediate help.
 ...                                              
                                                  
l.116 \end{defn}
                
? 

! LaTeX Error: Environment prop undefined.

See the LaTeX manual or LaTeX Companion for explanation.
Type  H <return>  for immediate help.
 ...                                              
                                                  
l.118 \begin{prop}
                  
? 

! LaTeX Error: \begin{document} ended by \end{prop}.

See the LaTeX manual or LaTeX Companion for explanation.
Type  H <return>  for immediate help.
 ...                                              
                                                  
l.120 \end{prop}
                
? 
[26 <./rectas-concurrentes-paralelas-divergentes.pdf>]
Underfull \hbox (badness 10000) in paragraph at lines 126--128

 []


Underfull \hbox (badness 10000) in paragraph at lines 129--133

 []


Underfull \hbox (badness 10000) in paragraph at lines 134--138

 []


Underfull \hbox (badness 10000) in paragraph at lines 140--142

 []


! LaTeX Error: Environment thm undefined.

See the LaTeX manual or LaTeX Companion for explanation.
Type  H <return>  for immediate help.
 ...                                              
                                                  
l.144 \begin{thm}
                  \label{Teorema-nielsen} [Teorema de Nielsen]
? 

! LaTeX Error: \begin{document} ended by \end{thm}.

See the LaTeX manual or LaTeX Companion for explanation.
Type  H <return>  for immediate help.
 ...                                              
                                                  
l.151 \end{thm}
               
? 
[27 <./definicion40.pdf>]
Underfull \hbox (badness 10000) in paragraph at lines 163--165

 []


Underfull \hbox (badness 10000) in paragraph at lines 166--176

 []


! LaTeX Error: Environment prop undefined.

See the LaTeX manual or LaTeX Companion for explanation.
Type  H <return>  for immediate help.
 ...                                              
                                                  
l.183 \begin{prop}
                   Si $G$ no tiene rectas ni puntos invariantes tampoco los
? 

! LaTeX Error: \begin{document} ended by \end{prop}.

See the LaTeX manual or LaTeX Companion for explanation.
Type  H <return>  for immediate help.
 ...                                              
                                                  
l.185 \end{prop}
                
? 

Underfull \hbox (badness 10000) in paragraph at lines 189--197

 []


Underfull \hbox (badness 10000) in paragraph at lines 199--201

 []


Underfull \hbox (badness 10000) in paragraph at lines 206--208

 []


Underfull \hbox (badness 10000) in paragraph at lines 219--223

 []


Underfull \hbox (badness 10000) in paragraph at lines 224--226

 []

[28]

! LaTeX Error: Environment lem undefined.

See the LaTeX manual or LaTeX Companion for explanation.
Type  H <return>  for immediate help.
 ...                                              
                                                  
l.257 \begin{lem}
                  \label{lema1}
? 

! LaTeX Error: \begin{document} ended by \end{lem}.

See the LaTeX manual or LaTeX Companion for explanation.
Type  H <return>  for immediate help.
 ...                                              
                                                  
l.264 \end{lem}
               
? 

Underfull \hbox (badness 10000) in paragraph at lines 268--277

 []


Underfull \hbox (badness 10000) in paragraph at lines 268--277

 []


Underfull \hbox (badness 10000) in paragraph at lines 278--292

 []

<lemma1-dem1.pdf, id=661, 845.0471pt x 597.51233pt>
File: lemma1-dem1.pdf Graphic file (type pdf)
 <use lemma1-dem1.pdf>
Package pdftex.def Info: lemma1-dem1.pdf used on input line 296.
(pdftex.def)             Requested size: 284.52756pt x 201.18216pt.


LaTeX Warning: `h' float specifier changed to `ht'.


Underfull \hbox (badness 10000) in paragraph at lines 301--304

 []


Underfull \hbox (badness 10000) in paragraph at lines 301--304

 []


Underfull \hbox (badness 10000) in paragraph at lines 306--308

 []

[29]
Underfull \hbox (badness 10000) in paragraph at lines 310--320

 []

<lemma1-dibujo4.pdf, id=668, 845.0471pt x 597.51233pt>
File: lemma1-dibujo4.pdf Graphic file (type pdf)

<use lemma1-dibujo4.pdf>
Package pdftex.def Info: lemma1-dibujo4.pdf used on input line 324.
(pdftex.def)             Requested size: 284.52756pt x 201.18216pt.


LaTeX Warning: `h' float specifier changed to `ht'.


Underfull \hbox (badness 10000) in paragraph at lines 330--337

 []


Underfull \hbox (badness 10000) in paragraph at lines 330--337

 []

<lemma1-dibujo5.pdf, id=670, 845.0471pt x 597.51233pt>
File: lemma1-dibujo5.pdf Graphic file (type pdf)

<use lemma1-dibujo5.pdf>
Package pdftex.def Info: lemma1-dibujo5.pdf used on input line 341.
(pdftex.def)             Requested size: 284.52756pt x 201.18216pt.


LaTeX Warning: `h' float specifier changed to `ht'.

[30 <./lemma1-dem1.pdf>]
<lemma1-dibujo6-2.pdf, id=703, 845.0471pt x 597.51233pt>
File: lemma1-dibujo6-2.pdf Graphic file (type pdf)

<use lemma1-dibujo6-2.pdf>
Package pdftex.def Info: lemma1-dibujo6-2.pdf used on input line 373.
(pdftex.def)             Requested size: 284.52756pt x 201.18216pt.


LaTeX Warning: `h' float specifier changed to `ht'.


Underfull \hbox (badness 10000) in paragraph at lines 378--382

 []

<lemma1-dibujo9.pdf, id=706, 845.0471pt x 597.51233pt>
File: lemma1-dibujo9.pdf Graphic file (type pdf)

<use lemma1-dibujo9.pdf>
Package pdftex.def Info: lemma1-dibujo9.pdf used on input line 394.
(pdftex.def)             Requested size: 284.52756pt x 201.18216pt.


LaTeX Warning: `h' float specifier changed to `ht'.


! LaTeX Error: Environment lem undefined.

See the LaTeX manual or LaTeX Companion for explanation.
Type  H <return>  for immediate help.
 ...                                              
                                                  
l.402 \begin{lem}
                  \label{lema2}
? 

! LaTeX Error: \begin{document} ended by \end{lem}.

See the LaTeX manual or LaTeX Companion for explanation.
Type  H <return>  for immediate help.
 ...                                              
                                                  
l.410 \end{lem}
               
? 

Underfull \hbox (badness 10000) in paragraph at lines 414--419

 []

[31 <./lemma1-dibujo4.pdf>]
<lemma2-dibujo1.pdf, id=741, 845.0471pt x 597.51233pt>
File: lemma2-dibujo1.pdf Graphic file (type pdf)

<use lemma2-dibujo1.pdf>
Package pdftex.def Info: lemma2-dibujo1.pdf used on input line 423.
(pdftex.def)             Requested size: 284.52756pt x 201.18216pt.


LaTeX Warning: `h' float specifier changed to `ht'.


Underfull \hbox (badness 10000) in paragraph at lines 428--430

 []


Overfull \hbox (17.31755pt too wide) in paragraph at lines 456--459
[]\OT1/ptm/m/n/10.95 Para pro-bar (1) que-re-mos ver cuan-to mi-de $\OML/cmm/m/
it/10.95 d[]\OT1/cmr/m/n/10.95 (\OML/cmm/m/it/10.95 x; s[]fgs[]x\OT1/cmr/m/n/10
.95 )$ \OT1/ptm/m/n/10.95 y te-ne-mos que $\OML/cmm/m/it/10.95 d[]\OT1/cmr/m/n/
10.95 (\OML/cmm/m/it/10.95 x; s[]fgs[]x\OT1/cmr/m/n/10.95 ) =
 []


Underfull \hbox (badness 10000) in paragraph at lines 456--459

 []


Underfull \hbox (badness 10000) in paragraph at lines 456--459

 []

[32 <./lemma1-dibujo5.pdf>]
Underfull \hbox (badness 10000) in paragraph at lines 460--462

 []

<lemma2-dibujo4.pdf, id=779, 845.0471pt x 597.51233pt>
File: lemma2-dibujo4.pdf Graphic file (type pdf)

<use lemma2-dibujo4.pdf>
Package pdftex.def Info: lemma2-dibujo4.pdf used on input line 478.
(pdftex.def)             Requested size: 199.16928pt x 140.82568pt.


LaTeX Warning: `h' float specifier changed to `ht'.


! LaTeX Error: Environment lem undefined.

See the LaTeX manual or LaTeX Companion for explanation.
Type  H <return>  for immediate help.
 ...                                              
                                                  
l.485 \begin{lem}
                 \label{lema3}
? 

! LaTeX Error: \begin{document} ended by \end{lem}.

See the LaTeX manual or LaTeX Companion for explanation.
Type  H <return>  for immediate help.
 ...                                              
                                                  
l.488 \end{lem}
               
? 

Underfull \hbox (badness 10000) in paragraph at lines 490--491

 []

<lemma3-dibujo1.pdf, id=780, 845.0471pt x 597.51233pt>
File: lemma3-dibujo1.pdf Graphic file (type pdf)

<use lemma3-dibujo1.pdf>
Package pdftex.def Info: lemma3-dibujo1.pdf used on input line 495.
(pdftex.def)             Requested size: 284.52756pt x 201.18216pt.


LaTeX Warning: `h' float specifier changed to `ht'.


Package natbib Warning: Citation `Beardon' on page 33 undefined on input line 5
02.

[33 <./lemma1-dibujo6-2.pdf>]

! LaTeX Error: Environment lem undefined.

See the LaTeX manual or LaTeX Companion for explanation.
Type  H <return>  for immediate help.
 ...                                              
                                                  
l.514 \begin{lem}
                  \label{lema4}
? 

! LaTeX Error: \begin{document} ended by \end{lem}.

See the LaTeX manual or LaTeX Companion for explanation.
Type  H <return>  for immediate help.
 ...                                              
                                                  
l.518 \end{lem}
               
? 
<lemma4-dibujo1.pdf, id=814, 845.0471pt x 597.51233pt>
File: lemma4-dibujo1.pdf Graphic file (type pdf)

<use lemma4-dibujo1.pdf>
Package pdftex.def Info: lemma4-dibujo1.pdf used on input line 523.
(pdftex.def)             Requested size: 284.52756pt x 201.18216pt.


LaTeX Warning: `h' float specifier changed to `ht'.


Underfull \vbox (badness 1810) has occurred while \output is active []

 [34 <./lemma1-dibujo9.pdf>]

! LaTeX Error: Environment lem undefined.

See the LaTeX manual or LaTeX Companion for explanation.
Type  H <return>  for immediate help.
 ...                                              
                                                  
l.561 \begin{lem}
                  \label{lema5}
? 

! LaTeX Error: \begin{document} ended by \end{lem}.

See the LaTeX manual or LaTeX Companion for explanation.
Type  H <return>  for immediate help.
 ...                                              
                                                  
l.565 \end{lem}
               
? 

Underfull \hbox (badness 10000) in paragraph at lines 571--573

 []


Underfull \hbox (badness 10000) in paragraph at lines 574--576

 []

<lemma5-dibujo1.pdf, id=846, 845.0471pt x 597.51233pt>
File: lemma5-dibujo1.pdf Graphic file (type pdf)

<use lemma5-dibujo1.pdf>
Package pdftex.def Info: lemma5-dibujo1.pdf used on input line 580.
(pdftex.def)             Requested size: 284.52756pt x 201.18216pt.


LaTeX Warning: `h' float specifier changed to `ht'.


Underfull \hbox (badness 10000) in paragraph at lines 598--604

 []

[35 <./lemma2-dibujo1.pdf>]
Underfull \hbox (badness 10000) in paragraph at lines 605--614

 []


Underfull \hbox (badness 10000) in paragraph at lines 615--622

 []

<lemma5-dibujo2.pdf, id=881, 845.0471pt x 597.51233pt>
File: lemma5-dibujo2.pdf Graphic file (type pdf)

<use lemma5-dibujo2.pdf>
Package pdftex.def Info: lemma5-dibujo2.pdf used on input line 626.
(pdftex.def)             Requested size: 284.52756pt x 201.18216pt.


LaTeX Warning: `h' float specifier changed to `ht'.


Underfull \hbox (badness 10000) in paragraph at lines 630--636

 []

[36 <./lemma2-dibujo4.pdf>]
<lemma5-dibujo3.pdf, id=913, 845.0471pt x 597.51233pt>
File: lemma5-dibujo3.pdf Graphic file (type pdf)

<use lemma5-dibujo3.pdf>
Package pdftex.def Info: lemma5-dibujo3.pdf used on input line 655.
(pdftex.def)             Requested size: 284.52756pt x 201.18216pt.


LaTeX Warning: `h' float specifier changed to `ht'.


Underfull \hbox (badness 10000) in paragraph at lines 660--663

 []


Underfull \hbox (badness 10000) in paragraph at lines 660--663

 []


Underfull \hbox (badness 10000) in paragraph at lines 669--671

 []


Underfull \hbox (badness 10000) in paragraph at lines 672--678

 []


Underfull \hbox (badness 10000) in paragraph at lines 679--681

 []

<lemma6-dibujo-1-2.pdf, id=915, 845.0471pt x 597.51233pt>
File: lemma6-dibujo-1-2.pdf Graphic file (type pdf)

<use lemma6-dibujo-1-2.pdf>
Package pdftex.def Info: lemma6-dibujo-1-2.pdf used on input line 686.
(pdftex.def)             Requested size: 284.52756pt x 201.18216pt.


LaTeX Warning: `h' float specifier changed to `ht'.


Underfull \hbox (badness 10000) in paragraph at lines 692--696

 []

[37 <./lemma3-dibujo1.pdf>]
Underfull \hbox (badness 10000) in paragraph at lines 697--703

 []

<lemma6-dibujo-2-4.pdf, id=949, 845.0471pt x 597.51233pt>
File: lemma6-dibujo-2-4.pdf Graphic file (type pdf)

<use lemma6-dibujo-2-4.pdf>
Package pdftex.def Info: lemma6-dibujo-2-4.pdf used on input line 730.
(pdftex.def)             Requested size: 256.0748pt x 181.0603pt.


LaTeX Warning: `h' float specifier changed to `ht'.


Underfull \hbox (badness 10000) in paragraph at lines 735--741

 []

[38 <./lemma4-dibujo1.pdf>]
Underfull \hbox (badness 10000) in paragraph at lines 743--746

 []


! LaTeX Error: Environment rem undefined.

See the LaTeX manual or LaTeX Companion for explanation.
Type  H <return>  for immediate help.
 ...                                              
                                                  
l.752 \begin{rem}
                 
? 

! LaTeX Error: \begin{document} ended by \end{rem}.

See the LaTeX manual or LaTeX Companion for explanation.
Type  H <return>  for immediate help.
 ...                                              
                                                  
l.757 \end{rem}
               
? 

Underfull \hbox (badness 10000) in paragraph at lines 759--762

 []


Underfull \hbox (badness 10000) in paragraph at lines 763--769

 []


Underfull \hbox (badness 10000) in paragraph at lines 771--778

 []

[39 <./lemma5-dibujo1.pdf>]
<lemma6-dibujo6.pdf, id=1016, 845.0471pt x 597.51233pt>
File: lemma6-dibujo6.pdf Graphic file (type pdf)

<use lemma6-dibujo6.pdf>
Package pdftex.def Info: lemma6-dibujo6.pdf used on input line 782.
(pdftex.def)             Requested size: 284.52756pt x 201.18216pt.


LaTeX Warning: `h' float specifier changed to `ht'.

[40 <./lemma5-dibujo2.pdf>]

Package hyperref Warning: Suppressing empty link on input line 814.


Package natbib Warning: Citation `Beardon' on page 41 undefined on input line 8
14.


Package hyperref Warning: Suppressing empty link on input line 814.


Package natbib Warning: Citation `Beardon' on page 41 undefined on input line 8
14.


Package hyperref Warning: Suppressing empty link on input line 814.


Package hyperref Warning: Suppressing empty link on input line 814.


Package natbib Warning: Citation `Beardon' on page 41 undefined on input line 8
16.


! LaTeX Error: Environment thm undefined.

See the LaTeX manual or LaTeX Companion for explanation.
Type  H <return>  for immediate help.
 ...                                              
                                                  
l.818 \begin{thm}
                 
? 

! LaTeX Error: \begin{document} ended by \end{thm}.

See the LaTeX manual or LaTeX Companion for explanation.
Type  H <return>  for immediate help.
 ...                                              
                                                  
l.820 \end{thm}
               
? 
) [41 <./lemma5-dibujo3.pdf>] [42 <./lemma6-dibujo-1-2.pdf> <./lemma6-dibujo-2-
4.pdf>] [43 <./lemma6-dibujo6.pdf>]
No file 9_backmatter/0_index.tex.
No file 9_backmatter/0_index.tex.
(5_apendice/0_index.tex [44







]
Eranskina A.

Underfull \hbox (badness 10000) in paragraph at lines 22--23

 []


Underfull \hbox (badness 10000) in paragraph at lines 24--25

 []


Underfull \hbox (badness 10000) in paragraph at lines 42--43

 []

[45] <apendice1.pdf, id=1178, 845.0471pt x 597.51233pt>
File: apendice1.pdf Graphic file (type pdf)
 <use apendice1.pdf>
Package pdftex.def Info: apendice1.pdf used on input line 65.
(pdftex.def)             Requested size: 284.52756pt x 201.18216pt.

[46 <./apendice1.pdf>] <apendice2.pdf, id=1213, 845.0471pt x 597.51233pt>
File: apendice2.pdf Graphic file (type pdf)

<use apendice2.pdf>
Package pdftex.def Info: apendice2.pdf used on input line 82.
(pdftex.def)             Requested size: 284.52756pt x 201.18216pt.
 [47 <./apendice2.pdf>]

Package natbib Warning: Citation `geometricstudy' on page 48 undefined on input
 line 108.


! LaTeX Error: Environment prop undefined.

See the LaTeX manual or LaTeX Companion for explanation.
Type  H <return>  for immediate help.
 ...                                              
                                                  
l.112 \begin{prop}
                  
? 

! LaTeX Error: \begin{document} ended by \end{prop}.

See the LaTeX manual or LaTeX Companion for explanation.
Type  H <return>  for immediate help.
 ...                                              
                                                  
l.118 \end{prop}
                
? 
<apendice3.pdf, id=1246, 845.0471pt x 597.51233pt>
File: apendice3.pdf Graphic file (type pdf)
 <use apendice3.pdf>
Package pdftex.def Info: apendice3.pdf used on input line 123.
(pdftex.def)             Requested size: 284.52756pt x 201.18216pt.
)
[48 <./apendice3.pdf>] (tesisnew.bbl)

Package natbib Warning: There were undefined citations.

Package atveryend Info: Empty hook `BeforeClearDocument' on input line 118.
Package atveryend Info: Empty hook `AfterLastShipout' on input line 118.
(tesisnew.aux (0_frontmatter/abstract.aux
LaTeX Info: Redefining \. on input line 4.
LaTeX Info: Redefining \% on input line 4.
) (1_Ecu_dif_hip/0_index.aux)
(2_Monodromia/0_index.aux) (3_Grupo_Schottky/0_index.aux)
(4_Teorema_Nielsen/0_index.aux) (9_backmatter/0_index.aux)
(9_backmatter/0_index.aux) (5_apendice/0_index.aux))
Package atveryend Info: Executing hook `AtVeryEndDocument' on input line 118.
Package atveryend Info: Executing hook `AtEndAfterFileList' on input line 118.
Package rerunfilecheck Info: File `tesisnew.out' has not changed.
(rerunfilecheck)             Checksum: B592CA31951C668EFA00AF55F352881E;2678.


LaTeX Warning: There were multiply-defined labels.

Package atveryend Info: Empty hook `AtVeryVeryEnd' on input line 118.
 )
(\end occurred inside a group at level 1)

### simple group (level 1) entered at line 53 ({)
### bottom level 
Here is how much of TeX's memory you used:
 14134 strings out of 493673
 207300 string characters out of 3139511
 362317 words of memory out of 3000000
 16928 multiletter control sequences out of 15000+200000
 34660 words of font info for 77 fonts, out of 3000000 for 9000
 1025 hyphenation exceptions out of 8191
 43i,13n,77p,1175b,1999s stack positions out of 5000i,500n,10000p,200000b,50000s
{C:/Program Files/MiKTeX 2.9/RealMiKTex/fonts/enc/dvips/fontnam
e/8r.enc}<C:/Program Files/MiKTeX 2.9/RealMiKTex/fonts/type1/public/amsfonts/cm
/cmex10.pfb><C:/Program Files/MiKTeX 2.9/RealMiKTex/fonts/type1/public/amsfonts
/cm/cmmi10.pfb><C:/Program Files/MiKTeX 2.9/RealMiKTex/fonts/type1/public/amsfo
nts/cm/cmmi6.pfb><C:/Program Files/MiKTeX 2.9/RealMiKTex/fonts/type1/public/ams
fonts/cm/cmmi8.pfb><C:/Program Files/MiKTeX 2.9/RealMiKTex/fonts/type1/public/a
msfonts/cm/cmr10.pfb><C:/Program Files/MiKTeX 2.9/RealMiKTex/fonts/type1/public
/amsfonts/cm/cmr6.pfb><C:/Program Files/MiKTeX 2.9/RealMiKTex/fonts/type1/publi
c/amsfonts/cm/cmr7.pfb><C:/Program Files/MiKTeX 2.9/RealMiKTex/fonts/type1/publ
ic/amsfonts/cm/cmr8.pfb><C:/Program Files/MiKTeX 2.9/RealMiKTex/fonts/type1/pub
lic/amsfonts/cm/cmsy10.pfb><C:/Program Files/MiKTeX 2.9/RealMiKTex/fonts/type1/
public/amsfonts/cm/cmsy6.pfb><C:/Program Files/MiKTeX 2.9/RealMiKTex/fonts/type
1/public/amsfonts/cm/cmsy8.pfb><C:/Program Files/MiKTeX 2.9/RealMiKTex/fonts/ty
pe1/public/amsfonts/euler/eufm10.pfb><C:/Program Files/MiKTeX 2.9/RealMiKTex/fo
nts/type1/public/amsfonts/symbols/msam10.pfb><C:/Program Files/MiKTeX 2.9/RealM
iKTex/fonts/type1/public/amsfonts/symbols/msbm10.pfb><C:/Program Files/MiKTeX 2
.9/RealMiKTex/fonts/type1/urw/times/utmb8a.pfb><C:/Program Files/MiKTeX 2.9/Rea
lMiKTex/fonts/type1/urw/times/utmr8a.pfb><C:/Program Files/MiKTeX 2.9/RealMiKTe
x/fonts/type1/urw/times/utmri8a.pfb>
Output written on tesisnew.pdf (62 pages, 6637741 bytes).
PDF statistics:
 1367 PDF objects out of 1440 (max. 8388607)
 158 named destinations out of 1000 (max. 500000)
 374 words of extra memory for PDF output out of 10000 (max. 10000000)

